<?xml version="1.0"?>
<!DOCTYPE coverage SYSTEM "http://cobertura.sourceforge.net/xml/coverage-04.dtd">

<coverage line-rate="0.3668639053254438" branch-rate="0.21487603305785125" lines-covered="186" lines-valid="507" branches-covered="52" branches-valid="242" complexity="2.324324324324324" version="2.1.1" timestamp="1440985803406">
	<sources>
		<source>--source</source>
		<source>/Users/tomp/git/volcano-util/src/main/java</source>
	</sources>
	<packages>
		<package name="gov.usgs.volcanoes.util" line-rate="0.0" branch-rate="1.0" complexity="0.0">
			<classes>
				<class name="gov.usgs.volcanoes.util.Version" filename="gov/usgs/volcanoes/util/Version.java" line-rate="0.0" branch-rate="1.0" complexity="0.0">
					<methods>
						<method name="&lt;init&gt;" signature="()V" line-rate="0.0" branch-rate="1.0" complexity="0">
							<lines>
								<line number="3" hits="0" branch="false"/>
							</lines>
						</method>
					</methods>
					<lines>
						<line number="3" hits="0" branch="false"/>
					</lines>
				</class>
			</classes>
		</package>
		<package name="gov.usgs.volcanoes.util.args" line-rate="1.0" branch-rate="1.0" complexity="1.0833333333333333">
			<classes>
				<class name="gov.usgs.volcanoes.util.args.Args" filename="gov/usgs/volcanoes/util/args/Args.java" line-rate="1.0" branch-rate="1.0" complexity="1.0">
					<methods>
						<method name="&lt;clinit&gt;" signature="()V" line-rate="1.0" branch-rate="1.0" complexity="0">
							<lines>
							</lines>
						</method>
						<method name="&lt;init&gt;" signature="(Ljava/lang/String;Ljava/lang/String;[Lcom/martiansoftware/jsap/Parameter;)V" line-rate="1.0" branch-rate="1.0" complexity="0">
							<lines>
								<line number="22" hits="185" branch="false"/>
								<line number="23" hits="180" branch="false"/>
								<line number="24" hits="180" branch="false"/>
								<line number="28" hits="105" branch="false"/>
							</lines>
						</method>
						<method name="getById" signature="(Ljava/lang/String;)Lcom/martiansoftware/jsap/Parameter;" line-rate="1.0" branch-rate="1.0" complexity="0">
							<lines>
								<line number="37" hits="90" branch="false"/>
								<line number="42" hits="55" branch="false"/>
							</lines>
						</method>
						<method name="parse" signature="([Ljava/lang/String;)Lcom/martiansoftware/jsap/JSAPResult;" line-rate="1.0" branch-rate="1.0" complexity="0">
							<lines>
								<line number="27" hits="231" branch="false"/>
								<line number="29" hits="231" branch="false"/>
								<line number="32" hits="67" branch="false"/>
							</lines>
						</method>
						<method name="registerParameter" signature="(Lcom/martiansoftware/jsap/Parameter;)V" line-rate="1.0" branch-rate="1.0" complexity="0">
							<lines>
								<line number="33" hits="288" branch="false"/>
								<line number="34" hits="355" branch="false"/>
								<line number="38" hits="170" branch="false"/>
								<line number="39" hits="170" branch="false"/>
							</lines>
						</method>
					</methods>
					<lines>
						<line number="22" hits="185" branch="false"/>
						<line number="23" hits="180" branch="false"/>
						<line number="24" hits="180" branch="false"/>
						<line number="27" hits="231" branch="false"/>
						<line number="28" hits="105" branch="false"/>
						<line number="29" hits="231" branch="false"/>
						<line number="32" hits="67" branch="false"/>
						<line number="33" hits="288" branch="false"/>
						<line number="34" hits="355" branch="false"/>
						<line number="37" hits="90" branch="false"/>
						<line number="38" hits="170" branch="false"/>
						<line number="39" hits="170" branch="false"/>
						<line number="42" hits="55" branch="false"/>
					</lines>
				</class>
				<class name="gov.usgs.volcanoes.util.args.ArgsDecorator" filename="gov/usgs/volcanoes/util/args/ArgsDecorator.java" line-rate="1.0" branch-rate="1.0" complexity="1.0">
					<methods>
						<method name="&lt;clinit&gt;" signature="()V" line-rate="1.0" branch-rate="1.0" complexity="0">
							<lines>
								<line number="19" hits="9" branch="false"/>
								<line number="20" hits="5" branch="false"/>
							</lines>
						</method>
						<method name="&lt;init&gt;" signature="(Lgov/usgs/volcanoes/util/args/Arguments;)V" line-rate="1.0" branch-rate="1.0" complexity="0">
							<lines>
								<line number="22" hits="216" branch="false"/>
								<line number="23" hits="346" branch="false"/>
								<line number="24" hits="346" branch="false"/>
								<line number="25" hits="130" branch="false"/>
							</lines>
						</method>
						<method name="getById" signature="(Ljava/lang/String;)Lcom/martiansoftware/jsap/Parameter;" line-rate="1.0" branch-rate="1.0" complexity="0">
							<lines>
								<line number="35" hits="45" branch="false"/>
								<line number="36" hits="30" branch="false"/>
							</lines>
						</method>
						<method name="parse" signature="([Ljava/lang/String;)Lcom/martiansoftware/jsap/JSAPResult;" line-rate="1.0" branch-rate="1.0" complexity="0">
							<lines>
								<line number="27" hits="171" branch="false"/>
								<line number="28" hits="89" branch="false"/>
							</lines>
						</method>
						<method name="registerParameter" signature="(Lcom/martiansoftware/jsap/Parameter;)V" line-rate="1.0" branch-rate="1.0" complexity="0">
							<lines>
								<line number="31" hits="144" branch="false"/>
								<line number="32" hits="234" branch="false"/>
								<line number="33" hits="90" branch="false"/>
							</lines>
						</method>
					</methods>
					<lines>
						<line number="19" hits="9" branch="false"/>
						<line number="20" hits="5" branch="false"/>
						<line number="22" hits="216" branch="false"/>
						<line number="23" hits="346" branch="false"/>
						<line number="24" hits="346" branch="false"/>
						<line number="25" hits="130" branch="false"/>
						<line number="27" hits="171" branch="false"/>
						<line number="28" hits="89" branch="false"/>
						<line number="31" hits="144" branch="false"/>
						<line number="32" hits="234" branch="false"/>
						<line number="33" hits="90" branch="false"/>
						<line number="35" hits="45" branch="false"/>
						<line number="36" hits="30" branch="false"/>
					</lines>
				</class>
				<class name="gov.usgs.volcanoes.util.args.ArgsFacade" filename="gov/usgs/volcanoes/util/args/ArgsFacade.java" line-rate="1.0" branch-rate="1.0" complexity="2.0">
					<methods>
						<method name="&lt;clinit&gt;" signature="()V" line-rate="1.0" branch-rate="1.0" complexity="0">
							<lines>
								<line number="27" hits="9" branch="false"/>
								<line number="29" hits="5" branch="false"/>
								<line number="32" hits="9" branch="false"/>
								<line number="34" hits="5" branch="false"/>
							</lines>
						</method>
						<method name="&lt;init&gt;" signature="()V" line-rate="1.0" branch-rate="1.0" complexity="0">
							<lines>
								<line number="26" hits="9" branch="false"/>
								<line number="28" hits="5" branch="false"/>
							</lines>
						</method>
						<method name="main" signature="([Ljava/lang/String;)V" line-rate="1.0" branch-rate="1.0" complexity="0">
							<lines>
								<line number="44" hits="18" branch="false"/>
								<line number="46" hits="10" branch="false"/>
								<line number="47" hits="18" branch="false"/>
								<line number="49" hits="10" branch="false"/>
								<line number="52" hits="18" branch="false"/>
								<line number="53" hits="18" branch="false"/>
								<line number="54" hits="28" branch="false"/>
								<line number="55" hits="10" branch="false"/>
								<line number="56" hits="28" branch="false"/>
								<line number="57" hits="18" branch="false"/>
								<line number="58" hits="10" branch="false"/>
								<line number="59" hits="28" branch="false"/>
								<line number="60" hits="18" branch="false"/>
								<line number="61" hits="10" branch="false"/>
								<line number="62" hits="28" branch="false"/>
								<line number="63" hits="18" branch="false"/>
								<line number="64" hits="10" branch="false"/>
								<line number="65" hits="28" branch="true" condition-coverage="100% (2/2)">
									<conditions>
										<condition number="0" type="jump" coverage="100%"/>
									</conditions>
								</line>
								<line number="66" hits="9" branch="false"/>
								<line number="67" hits="28" branch="true" condition-coverage="100% (2/2)">
									<conditions>
										<condition number="0" type="jump" coverage="100%"/>
									</conditions>
								</line>
								<line number="68" hits="5" branch="false"/>
								<line number="69" hits="10" branch="false"/>
							</lines>
						</method>
					</methods>
					<lines>
						<line number="26" hits="9" branch="false"/>
						<line number="27" hits="9" branch="false"/>
						<line number="28" hits="5" branch="false"/>
						<line number="29" hits="5" branch="false"/>
						<line number="32" hits="9" branch="false"/>
						<line number="34" hits="5" branch="false"/>
						<line number="44" hits="18" branch="false"/>
						<line number="46" hits="10" branch="false"/>
						<line number="47" hits="18" branch="false"/>
						<line number="49" hits="10" branch="false"/>
						<line number="52" hits="18" branch="false"/>
						<line number="53" hits="18" branch="false"/>
						<line number="54" hits="28" branch="false"/>
						<line number="55" hits="10" branch="false"/>
						<line number="56" hits="28" branch="false"/>
						<line number="57" hits="18" branch="false"/>
						<line number="58" hits="10" branch="false"/>
						<line number="59" hits="28" branch="false"/>
						<line number="60" hits="18" branch="false"/>
						<line number="61" hits="10" branch="false"/>
						<line number="62" hits="28" branch="false"/>
						<line number="63" hits="18" branch="false"/>
						<line number="64" hits="10" branch="false"/>
						<line number="65" hits="28" branch="true" condition-coverage="100% (2/2)">
							<conditions>
								<condition number="0" type="jump" coverage="100%"/>
							</conditions>
						</line>
						<line number="66" hits="9" branch="false"/>
						<line number="67" hits="28" branch="true" condition-coverage="100% (2/2)">
							<conditions>
								<condition number="0" type="jump" coverage="100%"/>
							</conditions>
						</line>
						<line number="68" hits="5" branch="false"/>
						<line number="69" hits="10" branch="false"/>
					</lines>
				</class>
				<class name="gov.usgs.volcanoes.util.args.Arguments" filename="gov/usgs/volcanoes/util/args/Arguments.java" line-rate="1.0" branch-rate="1.0" complexity="1.0">
					<methods>
					</methods>
					<lines>
					</lines>
				</class>
			</classes>
		</package>
		<package name="gov.usgs.volcanoes.util.args.decorator" line-rate="0.9814814814814815" branch-rate="1.0" complexity="2.625">
			<classes>
				<class name="gov.usgs.volcanoes.util.args.decorator.ConfigFileArg" filename="gov/usgs/volcanoes/util/args/decorator/ConfigFileArg.java" line-rate="1.0" branch-rate="1.0" complexity="1.0">
					<methods>
						<method name="&lt;init&gt;" signature="(Ljava/lang/String;Lgov/usgs/volcanoes/util/args/Arguments;)V" line-rate="1.0" branch-rate="1.0" complexity="0">
							<lines>
								<line number="36" hits="103" branch="false"/>
								<line number="38" hits="103" branch="false"/>
								<line number="40" hits="103" branch="false"/>
							</lines>
						</method>
					</methods>
					<lines>
						<line number="36" hits="103" branch="false"/>
						<line number="38" hits="103" branch="false"/>
						<line number="40" hits="103" branch="false"/>
					</lines>
				</class>
				<class name="gov.usgs.volcanoes.util.args.decorator.CreateConfigArg" filename="gov/usgs/volcanoes/util/args/decorator/CreateConfigArg.java" line-rate="0.9615384615384616" branch-rate="1.0" complexity="2.5">
					<methods>
						<method name="&lt;init&gt;" signature="(Ljava/lang/String;Lgov/usgs/volcanoes/util/args/Arguments;)V" line-rate="1.0" branch-rate="1.0" complexity="0">
							<lines>
								<line number="41" hits="54" branch="false"/>
								<line number="42" hits="54" branch="false"/>
								<line number="44" hits="54" branch="false"/>
								<line number="45" hits="35" branch="false"/>
								<line number="46" hits="35" branch="false"/>
								<line number="47" hits="54" branch="true" condition-coverage="100% (2/2)">
									<conditions>
										<condition number="0" type="jump" coverage="100%"/>
									</conditions>
								</line>
								<line number="48" hits="44" branch="false"/>
								<line number="49" hits="45" branch="false"/>
								<line number="51" hits="35" branch="true" condition-coverage="100% (2/2)">
									<conditions>
										<condition number="0" type="jump" coverage="100%"/>
									</conditions>
								</line>
								<line number="52" hits="5" branch="false"/>
								<line number="53" hits="30" branch="false"/>
							</lines>
						</method>
						<method name="parse" signature="([Ljava/lang/String;)Lcom/martiansoftware/jsap/JSAPResult;" line-rate="0.9333333333333333" branch-rate="1.0" complexity="0">
							<lines>
								<line number="59" hits="36" branch="false"/>
								<line number="60" hits="36" branch="false"/>
								<line number="61" hits="36" branch="true" condition-coverage="100% (2/2)">
									<conditions>
										<condition number="0" type="jump" coverage="100%"/>
									</conditions>
								</line>
								<line number="62" hits="9" branch="false"/>
								<line number="63" hits="26" branch="false"/>
								<line number="64" hits="26" branch="false"/>
								<line number="65" hits="17" branch="true" condition-coverage="100% (2/2)">
									<conditions>
										<condition number="0" type="jump" coverage="100%"/>
									</conditions>
								</line>
								<line number="66" hits="41" branch="false"/>
								<line number="67" hits="5" branch="false"/>
								<line number="68" hits="3" branch="false"/>
								<line number="69" hits="2" branch="false"/>
								<line number="70" hits="11" branch="false"/>
								<line number="71" hits="0" branch="false"/>
								<line number="72" hits="2" branch="false"/>
								<line number="74" hits="6" branch="false"/>
							</lines>
						</method>
					</methods>
					<lines>
						<line number="41" hits="54" branch="false"/>
						<line number="42" hits="54" branch="false"/>
						<line number="44" hits="54" branch="false"/>
						<line number="45" hits="35" branch="false"/>
						<line number="46" hits="35" branch="false"/>
						<line number="47" hits="54" branch="true" condition-coverage="100% (2/2)">
							<conditions>
								<condition number="0" type="jump" coverage="100%"/>
							</conditions>
						</line>
						<line number="48" hits="44" branch="false"/>
						<line number="49" hits="45" branch="false"/>
						<line number="51" hits="35" branch="true" condition-coverage="100% (2/2)">
							<conditions>
								<condition number="0" type="jump" coverage="100%"/>
							</conditions>
						</line>
						<line number="52" hits="5" branch="false"/>
						<line number="53" hits="30" branch="false"/>
						<line number="59" hits="36" branch="false"/>
						<line number="60" hits="36" branch="false"/>
						<line number="61" hits="36" branch="true" condition-coverage="100% (2/2)">
							<conditions>
								<condition number="0" type="jump" coverage="100%"/>
							</conditions>
						</line>
						<line number="62" hits="9" branch="false"/>
						<line number="63" hits="26" branch="false"/>
						<line number="64" hits="26" branch="false"/>
						<line number="65" hits="17" branch="true" condition-coverage="100% (2/2)">
							<conditions>
								<condition number="0" type="jump" coverage="100%"/>
							</conditions>
						</line>
						<line number="66" hits="41" branch="false"/>
						<line number="67" hits="5" branch="false"/>
						<line number="68" hits="3" branch="false"/>
						<line number="69" hits="2" branch="false"/>
						<line number="70" hits="11" branch="false"/>
						<line number="71" hits="0" branch="false"/>
						<line number="72" hits="2" branch="false"/>
						<line number="74" hits="6" branch="false"/>
					</lines>
				</class>
				<class name="gov.usgs.volcanoes.util.args.decorator.DateRangeArg" filename="gov/usgs/volcanoes/util/args/decorator/DateRangeArg.java" line-rate="1.0" branch-rate="1.0" complexity="4.0">
					<methods>
						<method name="&lt;init&gt;" signature="(Ljava/lang/String;Lgov/usgs/volcanoes/util/args/Arguments;)V" line-rate="1.0" branch-rate="1.0" complexity="0">
							<lines>
								<line number="27" hits="98" branch="false"/>
								<line number="29" hits="98" branch="false"/>
								<line number="30" hits="98" branch="false"/>
								<line number="32" hits="98" branch="false"/>
								<line number="34" hits="98" branch="false"/>
							</lines>
						</method>
						<method name="parse" signature="([Ljava/lang/String;)Lcom/martiansoftware/jsap/JSAPResult;" line-rate="1.0" branch-rate="1.0" complexity="0">
							<lines>
								<line number="37" hits="70" branch="false"/>
								<line number="39" hits="70" branch="false"/>
								<line number="40" hits="28" branch="false"/>
							</lines>
						</method>
						<method name="validateDates" signature="(Ljava/util/Date;Ljava/util/Date;)V" line-rate="1.0" branch-rate="1.0" complexity="0">
							<lines>
								<line number="45" hits="70" branch="true" condition-coverage="100% (4/4)">
									<conditions>
										<condition number="0" type="jump" coverage="100%"/>
										<condition number="1" type="jump" coverage="100%"/>
									</conditions>
								</line>
								<line number="46" hits="14" branch="false"/>
								<line number="47" hits="56" branch="true" condition-coverage="100% (4/4)">
									<conditions>
										<condition number="0" type="jump" coverage="100%"/>
										<condition number="1" type="jump" coverage="100%"/>
									</conditions>
								</line>
								<line number="48" hits="14" branch="false"/>
								<line number="51" hits="42" branch="true" condition-coverage="100% (4/4)">
									<conditions>
										<condition number="0" type="jump" coverage="100%"/>
										<condition number="1" type="jump" coverage="100%"/>
									</conditions>
								</line>
								<line number="52" hits="14" branch="false"/>
								<line number="53" hits="28" branch="false"/>
							</lines>
						</method>
					</methods>
					<lines>
						<line number="27" hits="98" branch="false"/>
						<line number="29" hits="98" branch="false"/>
						<line number="30" hits="98" branch="false"/>
						<line number="32" hits="98" branch="false"/>
						<line number="34" hits="98" branch="false"/>
						<line number="37" hits="70" branch="false"/>
						<line number="39" hits="70" branch="false"/>
						<line number="40" hits="28" branch="false"/>
						<line number="45" hits="70" branch="true" condition-coverage="100% (4/4)">
							<conditions>
								<condition number="0" type="jump" coverage="100%"/>
								<condition number="1" type="jump" coverage="100%"/>
							</conditions>
						</line>
						<line number="46" hits="14" branch="false"/>
						<line number="47" hits="56" branch="true" condition-coverage="100% (4/4)">
							<conditions>
								<condition number="0" type="jump" coverage="100%"/>
								<condition number="1" type="jump" coverage="100%"/>
							</conditions>
						</line>
						<line number="48" hits="14" branch="false"/>
						<line number="51" hits="42" branch="true" condition-coverage="100% (4/4)">
							<conditions>
								<condition number="0" type="jump" coverage="100%"/>
								<condition number="1" type="jump" coverage="100%"/>
							</conditions>
						</line>
						<line number="52" hits="14" branch="false"/>
						<line number="53" hits="28" branch="false"/>
					</lines>
				</class>
				<class name="gov.usgs.volcanoes.util.args.decorator.VerboseArg" filename="gov/usgs/volcanoes/util/args/decorator/VerboseArg.java" line-rate="1.0" branch-rate="1.0" complexity="1.5">
					<methods>
						<method name="&lt;init&gt;" signature="(Lgov/usgs/volcanoes/util/args/Arguments;)V" line-rate="1.0" branch-rate="1.0" complexity="0">
							<lines>
								<line number="24" hits="36" branch="false"/>
								<line number="25" hits="56" branch="false"/>
								<line number="26" hits="56" branch="false"/>
								<line number="27" hits="20" branch="false"/>
							</lines>
						</method>
						<method name="parse" signature="([Ljava/lang/String;)Lcom/martiansoftware/jsap/JSAPResult;" line-rate="1.0" branch-rate="1.0" complexity="0">
							<lines>
								<line number="29" hits="36" branch="false"/>
								<line number="30" hits="20" branch="false"/>
								<line number="31" hits="36" branch="true" condition-coverage="100% (2/2)">
									<conditions>
										<condition number="0" type="jump" coverage="100%"/>
									</conditions>
								</line>
								<line number="32" hits="29" branch="true" condition-coverage="100% (2/2)">
									<conditions>
										<condition number="0" type="jump" coverage="100%"/>
									</conditions>
								</line>
								<line number="33" hits="41" branch="false"/>
								<line number="34" hits="20" branch="false"/>
							</lines>
						</method>
					</methods>
					<lines>
						<line number="24" hits="36" branch="false"/>
						<line number="25" hits="56" branch="false"/>
						<line number="26" hits="56" branch="false"/>
						<line number="27" hits="20" branch="false"/>
						<line number="29" hits="36" branch="false"/>
						<line number="30" hits="20" branch="false"/>
						<line number="31" hits="36" branch="true" condition-coverage="100% (2/2)">
							<conditions>
								<condition number="0" type="jump" coverage="100%"/>
							</conditions>
						</line>
						<line number="32" hits="29" branch="true" condition-coverage="100% (2/2)">
							<conditions>
								<condition number="0" type="jump" coverage="100%"/>
							</conditions>
						</line>
						<line number="33" hits="41" branch="false"/>
						<line number="34" hits="20" branch="false"/>
					</lines>
				</class>
			</classes>
		</package>
		<package name="gov.usgs.volcanoes.util.args.parser" line-rate="1.0" branch-rate="1.0" complexity="2.0">
			<classes>
				<class name="gov.usgs.volcanoes.util.args.parser.DateStringParser" filename="gov/usgs/volcanoes/util/args/parser/DateStringParser.java" line-rate="1.0" branch-rate="1.0" complexity="2.0">
					<methods>
						<method name="&lt;init&gt;" signature="(Ljava/lang/String;)V" line-rate="1.0" branch-rate="1.0" complexity="0">
							<lines>
								<line number="23" hits="126" branch="false"/>
								<line number="24" hits="126" branch="false"/>
								<line number="25" hits="126" branch="false"/>
								<line number="26" hits="126" branch="false"/>
							</lines>
						</method>
						<method name="parse" signature="(Ljava/lang/String;)Ljava/lang/Object;" line-rate="1.0" branch-rate="1.0" complexity="0">
							<lines>
								<line number="30" hits="112" branch="false"/>
								<line number="32" hits="112" branch="false"/>
								<line number="33" hits="14" branch="false"/>
								<line number="34" hits="14" branch="false"/>
								<line number="35" hits="98" branch="false"/>
								<line number="36" hits="98" branch="false"/>
							</lines>
						</method>
					</methods>
					<lines>
						<line number="23" hits="126" branch="false"/>
						<line number="24" hits="126" branch="false"/>
						<line number="25" hits="126" branch="false"/>
						<line number="26" hits="126" branch="false"/>
						<line number="30" hits="112" branch="false"/>
						<line number="32" hits="112" branch="false"/>
						<line number="33" hits="14" branch="false"/>
						<line number="34" hits="14" branch="false"/>
						<line number="35" hits="98" branch="false"/>
						<line number="36" hits="98" branch="false"/>
					</lines>
				</class>
			</classes>
		</package>
		<package name="gov.usgs.volcanoes.util.configFile" line-rate="0.2169811320754717" branch-rate="0.13636363636363635" complexity="2.787878787878788">
			<classes>
				<class name="gov.usgs.volcanoes.util.configFile.ConfigFile" filename="gov/usgs/volcanoes/util/configFile/ConfigFile.java" line-rate="0.2169811320754717" branch-rate="0.13636363636363635" complexity="2.84375">
					<methods>
						<method name="&lt;init&gt;" signature="()V" line-rate="0.75" branch-rate="1.0" complexity="0">
							<lines>
								<line number="32" hits="0" branch="false"/>
								<line number="33" hits="1" branch="false"/>
								<line number="34" hits="1" branch="false"/>
								<line number="35" hits="1" branch="false"/>
							</lines>
						</method>
						<method name="&lt;init&gt;" signature="(Ljava/lang/String;)V" line-rate="1.0" branch-rate="1.0" complexity="0">
							<lines>
								<line number="28" hits="1" branch="false"/>
								<line number="53" hits="42" branch="false"/>
								<line number="54" hits="42" branch="false"/>
								<line number="56" hits="42" branch="false"/>
								<line number="57" hits="42" branch="false"/>
								<line number="58" hits="35" branch="false"/>
							</lines>
						</method>
						<method name="&lt;init&gt;" signature="(Ljava/util/Map;)V" line-rate="0.0" branch-rate="1.0" complexity="0">
							<lines>
								<line number="42" hits="0" branch="false"/>
								<line number="43" hits="0" branch="false"/>
								<line number="44" hits="0" branch="false"/>
								<line number="45" hits="0" branch="false"/>
							</lines>
						</method>
						<method name="clone" signature="()Lgov/usgs/volcanoes/util/configFile/ConfigFile;" line-rate="0.0" branch-rate="0.0" complexity="0">
							<lines>
								<line number="595" hits="0" branch="false"/>
								<line number="597" hits="0" branch="true" condition-coverage="0% (0/2)">
									<conditions>
										<condition number="0" type="jump" coverage="0%"/>
									</conditions>
								</line>
								<line number="598" hits="0" branch="false"/>
								<line number="600" hits="0" branch="false"/>
								<line number="613" hits="0" branch="false"/>
								<line number="615" hits="0" branch="true" condition-coverage="0% (0/2)">
									<conditions>
										<condition number="0" type="jump" coverage="0%"/>
									</conditions>
								</line>
								<line number="616" hits="0" branch="false"/>
								<line number="618" hits="0" branch="false"/>
							</lines>
						</method>
						<method name="clone" signature="()Ljava/lang/Object;" line-rate="0.0" branch-rate="1.0" complexity="0">
							<lines>
								<line number="25" hits="0" branch="false"/>
							</lines>
						</method>
						<method name="findConfig" signature="(Ljava/util/List;)Ljava/lang/String;" line-rate="0.0" branch-rate="0.0" complexity="0">
							<lines>
								<line number="580" hits="0" branch="false"/>
								<line number="583" hits="0" branch="false"/>
								<line number="584" hits="0" branch="true" condition-coverage="0% (0/4)">
									<conditions>
										<condition number="0" type="jump" coverage="0%"/>
										<condition number="1" type="jump" coverage="0%"/>
									</conditions>
								</line>
								<line number="585" hits="0" branch="false"/>
								<line number="586" hits="0" branch="true" condition-coverage="0% (0/2)">
									<conditions>
										<condition number="0" type="jump" coverage="0%"/>
									</conditions>
								</line>
								<line number="587" hits="0" branch="false"/>
								<line number="589" hits="0" branch="false"/>
								<line number="590" hits="0" branch="true" condition-coverage="0% (0/4)">
									<conditions>
										<condition number="0" type="jump" coverage="0%"/>
										<condition number="1" type="jump" coverage="0%"/>
									</conditions>
								</line>
								<line number="591" hits="0" branch="false"/>
								<line number="592" hits="0" branch="true" condition-coverage="0% (0/2)">
									<conditions>
										<condition number="0" type="jump" coverage="0%"/>
									</conditions>
								</line>
								<line number="593" hits="0" branch="false"/>
								<line number="596" hits="0" branch="false"/>
							</lines>
						</method>
						<method name="getBoolean" signature="(Ljava/lang/String;)Z" line-rate="0.0" branch-rate="0.0" complexity="0">
							<lines>
								<line number="312" hits="0" branch="false"/>
								<line number="313" hits="0" branch="true" condition-coverage="0% (0/2)">
									<conditions>
										<condition number="0" type="jump" coverage="0%"/>
									</conditions>
								</line>
								<line number="314" hits="0" branch="false"/>
								<line number="316" hits="0" branch="true" condition-coverage="0% (0/4)">
									<conditions>
										<condition number="0" type="jump" coverage="0%"/>
										<condition number="1" type="jump" coverage="0%"/>
									</conditions>
								</line>
								<line number="317" hits="0" branch="true" condition-coverage="0% (0/6)">
									<conditions>
										<condition number="0" type="jump" coverage="0%"/>
										<condition number="1" type="jump" coverage="0%"/>
										<condition number="2" type="jump" coverage="0%"/>
									</conditions>
								</line>
								<line number="318" hits="0" branch="true" condition-coverage="0% (0/2)">
									<conditions>
										<condition number="0" type="jump" coverage="0%"/>
									</conditions>
								</line>
								<line number="319" hits="0" branch="false"/>
								<line number="321" hits="0" branch="true" condition-coverage="0% (0/4)">
									<conditions>
										<condition number="0" type="jump" coverage="0%"/>
										<condition number="1" type="jump" coverage="0%"/>
									</conditions>
								</line>
								<line number="322" hits="0" branch="true" condition-coverage="0% (0/6)">
									<conditions>
										<condition number="0" type="jump" coverage="0%"/>
										<condition number="1" type="jump" coverage="0%"/>
										<condition number="2" type="jump" coverage="0%"/>
									</conditions>
								</line>
								<line number="323" hits="0" branch="true" condition-coverage="0% (0/2)">
									<conditions>
										<condition number="0" type="jump" coverage="0%"/>
									</conditions>
								</line>
								<line number="324" hits="0" branch="false"/>
								<line number="326" hits="0" branch="false"/>
								<line number="327" hits="0" branch="false"/>
							</lines>
						</method>
						<method name="getBoolean" signature="(Ljava/lang/String;Z)Z" line-rate="0.0" branch-rate="1.0" complexity="0">
							<lines>
								<line number="339" hits="0" branch="false"/>
								<line number="340" hits="0" branch="false"/>
								<line number="341" hits="0" branch="false"/>
								<line number="342" hits="0" branch="false"/>
								<line number="343" hits="0" branch="false"/>
								<line number="344" hits="0" branch="false"/>
								<line number="345" hits="0" branch="false"/>
								<line number="346" hits="0" branch="false"/>
								<line number="347" hits="0" branch="false"/>
								<line number="348" hits="0" branch="false"/>
								<line number="350" hits="0" branch="false"/>
							</lines>
						</method>
						<method name="getConfig" signature="()Ljava/util/Map;" line-rate="0.0" branch-rate="1.0" complexity="0">
							<lines>
								<line number="481" hits="0" branch="false"/>
								<line number="487" hits="0" branch="false"/>
							</lines>
						</method>
						<method name="getDouble" signature="(Ljava/lang/String;)D" line-rate="0.5" branch-rate="0.25" complexity="0">
							<lines>
								<line number="358" hits="21" branch="false"/>
								<line number="359" hits="21" branch="true" condition-coverage="50% (1/2)">
									<conditions>
										<condition number="0" type="jump" coverage="50%"/>
									</conditions>
								</line>
								<line number="360" hits="0" branch="false"/>
								<line number="363" hits="21" branch="false"/>
								<line number="364" hits="0" branch="true" condition-coverage="0% (0/2)">
									<conditions>
										<condition number="0" type="jump" coverage="0%"/>
									</conditions>
								</line>
								<line number="365" hits="7" branch="false"/>
								<line number="368" hits="0" branch="false"/>
								<line number="370" hits="0" branch="false"/>
							</lines>
						</method>
						<method name="getDouble" signature="(Ljava/lang/String;D)D" line-rate="0.0" branch-rate="1.0" complexity="0">
							<lines>
								<line number="382" hits="0" branch="false"/>
								<line number="383" hits="0" branch="false"/>
								<line number="384" hits="0" branch="false"/>
								<line number="385" hits="0" branch="false"/>
								<line number="386" hits="0" branch="false"/>
								<line number="387" hits="0" branch="false"/>
								<line number="388" hits="0" branch="false"/>
								<line number="389" hits="0" branch="false"/>
								<line number="390" hits="0" branch="false"/>
								<line number="391" hits="0" branch="false"/>
								<line number="393" hits="0" branch="false"/>
							</lines>
						</method>
						<method name="getInt" signature="(Ljava/lang/String;)I" line-rate="0.5" branch-rate="0.25" complexity="0">
							<lines>
								<line number="401" hits="7" branch="false"/>
								<line number="402" hits="7" branch="true" condition-coverage="50% (1/2)">
									<conditions>
										<condition number="0" type="jump" coverage="50%"/>
									</conditions>
								</line>
								<line number="403" hits="0" branch="false"/>
								<line number="406" hits="7" branch="false"/>
								<line number="407" hits="0" branch="true" condition-coverage="0% (0/2)">
									<conditions>
										<condition number="0" type="jump" coverage="0%"/>
									</conditions>
								</line>
								<line number="408" hits="7" branch="false"/>
								<line number="411" hits="0" branch="false"/>
								<line number="413" hits="0" branch="false"/>
							</lines>
						</method>
						<method name="getInt" signature="(Ljava/lang/String;I)I" line-rate="0.0" branch-rate="1.0" complexity="0">
							<lines>
								<line number="425" hits="0" branch="false"/>
								<line number="426" hits="0" branch="false"/>
								<line number="427" hits="0" branch="false"/>
								<line number="428" hits="0" branch="false"/>
								<line number="429" hits="0" branch="false"/>
								<line number="430" hits="0" branch="false"/>
								<line number="431" hits="0" branch="false"/>
								<line number="432" hits="0" branch="false"/>
								<line number="433" hits="0" branch="false"/>
								<line number="434" hits="0" branch="false"/>
								<line number="436" hits="0" branch="false"/>
							</lines>
						</method>
						<method name="getList" signature="(Ljava/lang/String;)Ljava/util/List;" line-rate="0.0" branch-rate="1.0" complexity="0">
							<lines>
								<line number="159" hits="0" branch="false"/>
								<line number="164" hits="0" branch="false"/>
							</lines>
						</method>
						<method name="getName" signature="()Ljava/lang/String;" line-rate="0.0" branch-rate="1.0" complexity="0">
							<lines>
								<line number="490" hits="0" branch="false"/>
								<line number="496" hits="0" branch="false"/>
							</lines>
						</method>
						<method name="getOrCreateList" signature="(Ljava/lang/String;)Ljava/util/List;" line-rate="0.5555555555555556" branch-rate="0.25" complexity="0">
							<lines>
								<line number="170" hits="155" branch="false"/>
								<line number="171" hits="155" branch="true" condition-coverage="50% (1/2)">
									<conditions>
										<condition number="0" type="jump" coverage="50%"/>
									</conditions>
								</line>
								<line number="172" hits="155" branch="false"/>
								<line number="173" hits="155" branch="false"/>
								<line number="175" hits="155" branch="false"/>
								<line number="176" hits="0" branch="true" condition-coverage="0% (0/2)">
									<conditions>
										<condition number="0" type="jump" coverage="0%"/>
									</conditions>
								</line>
								<line number="177" hits="0" branch="false"/>
								<line number="178" hits="0" branch="false"/>
								<line number="180" hits="0" branch="false"/>
							</lines>
						</method>
						<method name="getString" signature="(Ljava/lang/String;)Ljava/lang/String;" line-rate="0.75" branch-rate="0.375" complexity="0">
							<lines>
								<line number="274" hits="28" branch="false"/>
								<line number="275" hits="28" branch="true" condition-coverage="50% (2/4)">
									<conditions>
										<condition number="0" type="jump" coverage="50%"/>
										<condition number="1" type="jump" coverage="50%"/>
									</conditions>
								</line>
								<line number="276" hits="0" branch="false"/>
								<line number="278" hits="28" branch="false"/>
								<line number="279" hits="1" branch="false"/>
								<line number="280" hits="1" branch="true" condition-coverage="25% (1/4)">
									<conditions>
										<condition number="0" type="jump" coverage="50%"/>
										<condition number="1" type="jump" coverage="0%"/>
									</conditions>
								</line>
								<line number="281" hits="1" branch="false"/>
								<line number="283" hits="0" branch="false"/>
							</lines>
						</method>
						<method name="getString" signature="(Ljava/lang/String;Ljava/lang/String;)Ljava/lang/String;" line-rate="0.0" branch-rate="0.0" complexity="0">
							<lines>
								<line number="293" hits="0" branch="false"/>
								<line number="294" hits="0" branch="true" condition-coverage="0% (0/2)">
									<conditions>
										<condition number="0" type="jump" coverage="0%"/>
									</conditions>
								</line>
								<line number="295" hits="0" branch="false"/>
								<line number="296" hits="0" branch="false"/>
								<line number="298" hits="0" branch="false"/>
								<line number="299" hits="0" branch="true" condition-coverage="0% (0/2)">
									<conditions>
										<condition number="0" type="jump" coverage="0%"/>
									</conditions>
								</line>
								<line number="300" hits="0" branch="false"/>
								<line number="301" hits="0" branch="false"/>
								<line number="304" hits="0" branch="false"/>
							</lines>
						</method>
						<method name="getSubConfig" signature="(Ljava/lang/String;)Lgov/usgs/volcanoes/util/configFile/ConfigFile;" line-rate="0.0" branch-rate="1.0" complexity="0">
							<lines>
								<line number="443" hits="0" branch="false"/>
								<line number="448" hits="0" branch="false"/>
							</lines>
						</method>
						<method name="getSubConfig" signature="(Ljava/lang/String;Z)Lgov/usgs/volcanoes/util/configFile/ConfigFile;" line-rate="0.0" branch-rate="0.0" complexity="0">
							<lines>
								<line number="460" hits="0" branch="true" condition-coverage="0% (0/2)">
									<conditions>
										<condition number="0" type="jump" coverage="0%"/>
									</conditions>
								</line>
								<line number="461" hits="0" branch="false"/>
								<line number="463" hits="0" branch="false"/>
								<line number="465" hits="0" branch="true" condition-coverage="0% (0/2)">
									<conditions>
										<condition number="0" type="jump" coverage="0%"/>
									</conditions>
								</line>
								<line number="466" hits="0" branch="true" condition-coverage="0% (0/2)">
									<conditions>
										<condition number="0" type="jump" coverage="0%"/>
									</conditions>
								</line>
								<line number="467" hits="0" branch="true" condition-coverage="0% (0/4)">
									<conditions>
										<condition number="0" type="jump" coverage="0%"/>
										<condition number="1" type="jump" coverage="0%"/>
									</conditions>
								</line>
								<line number="468" hits="0" branch="false"/>
								<line number="469" hits="0" branch="false"/>
								<line number="470" hits="0" branch="false"/>
								<line number="471" hits="0" branch="false"/>
								<line number="472" hits="0" branch="true" condition-coverage="0% (0/2)">
									<conditions>
										<condition number="0" type="jump" coverage="0%"/>
									</conditions>
								</line>
								<line number="473" hits="0" branch="true" condition-coverage="0% (0/4)">
									<conditions>
										<condition number="0" type="jump" coverage="0%"/>
										<condition number="1" type="jump" coverage="0%"/>
									</conditions>
								</line>
								<line number="474" hits="0" branch="false"/>
								<line number="475" hits="0" branch="false"/>
								<line number="477" hits="0" branch="false"/>
								<line number="478" hits="0" branch="false"/>
							</lines>
						</method>
						<method name="main" signature="([Ljava/lang/String;)V" line-rate="0.0" branch-rate="0.0" complexity="0">
							<lines>
								<line number="606" hits="0" branch="true" condition-coverage="0% (0/2)">
									<conditions>
										<condition number="0" type="jump" coverage="0%"/>
									</conditions>
								</line>
								<line number="607" hits="0" branch="false"/>
								<line number="608" hits="0" branch="false"/>
								<line number="610" hits="0" branch="false"/>
							</lines>
						</method>
						<method name="put" signature="(Ljava/lang/String;Ljava/lang/String;)V" line-rate="0.0" branch-rate="1.0" complexity="0">
							<lines>
								<line number="199" hits="0" branch="false"/>
								<line number="200" hits="0" branch="false"/>
								<line number="204" hits="0" branch="false"/>
								<line number="205" hits="0" branch="false"/>
							</lines>
						</method>
						<method name="put" signature="(Ljava/lang/String;Ljava/lang/String;Z)V" line-rate="0.0" branch-rate="0.0" complexity="0">
							<lines>
								<line number="213" hits="0" branch="true" condition-coverage="0% (0/2)">
									<conditions>
										<condition number="0" type="jump" coverage="0%"/>
									</conditions>
								</line>
								<line number="214" hits="0" branch="false"/>
								<line number="216" hits="0" branch="false"/>
								<line number="217" hits="0" branch="false"/>
								<line number="218" hits="0" branch="true" condition-coverage="0% (0/2)">
									<conditions>
										<condition number="0" type="jump" coverage="0%"/>
									</conditions>
								</line>
								<line number="219" hits="0" branch="false"/>
								<line number="221" hits="0" branch="false"/>
								<line number="222" hits="0" branch="false"/>
							</lines>
						</method>
						<method name="putConfig" signature="(Lgov/usgs/volcanoes/util/configFile/ConfigFile;Z)V" line-rate="0.0" branch-rate="0.0" complexity="0">
							<lines>
								<line number="228" hits="0" branch="false"/>
								<line number="229" hits="0" branch="true" condition-coverage="0% (0/2)">
									<conditions>
										<condition number="0" type="jump" coverage="0%"/>
									</conditions>
								</line>
								<line number="230" hits="0" branch="true" condition-coverage="0% (0/2)">
									<conditions>
										<condition number="0" type="jump" coverage="0%"/>
									</conditions>
								</line>
								<line number="231" hits="0" branch="false"/>
								<line number="233" hits="0" branch="false"/>
								<line number="234" hits="0" branch="true" condition-coverage="0% (0/2)">
									<conditions>
										<condition number="0" type="jump" coverage="0%"/>
									</conditions>
								</line>
								<line number="235" hits="0" branch="true" condition-coverage="0% (0/2)">
									<conditions>
										<condition number="0" type="jump" coverage="0%"/>
									</conditions>
								</line>
								<line number="236" hits="0" branch="false"/>
								<line number="238" hits="0" branch="false"/>
								<line number="239" hits="0" branch="false"/>
								<line number="240" hits="0" branch="false"/>
							</lines>
						</method>
						<method name="putList" signature="(Ljava/lang/String;Ljava/util/List;)V" line-rate="0.0" branch-rate="1.0" complexity="0">
							<lines>
								<line number="187" hits="0" branch="false"/>
								<line number="188" hits="0" branch="false"/>
								<line number="192" hits="0" branch="false"/>
								<line number="193" hits="0" branch="false"/>
							</lines>
						</method>
						<method name="readConfigFile" signature="(Ljava/io/File;)V" line-rate="0.0" branch-rate="1.0" complexity="0">
							<lines>
								<line number="90" hits="0" branch="false"/>
								<line number="91" hits="0" branch="false"/>
								<line number="96" hits="0" branch="false"/>
								<line number="97" hits="0" branch="false"/>
							</lines>
						</method>
						<method name="readConfigFile" signature="(Ljava/io/File;Z)V" line-rate="0.6170212765957447" branch-rate="0.42105263157894735" complexity="0">
							<lines>
								<line number="105" hits="42" branch="false"/>
								<line number="107" hits="345" branch="true" condition-coverage="100% (2/2)">
									<conditions>
										<condition number="0" type="jump" coverage="100%"/>
									</conditions>
								</line>
								<line number="108" hits="310" branch="false"/>
								<line number="110" hits="311" branch="true" condition-coverage="83% (5/6)">
									<conditions>
										<condition number="0" type="jump" coverage="100%"/>
										<condition number="1" type="jump" coverage="100%"/>
										<condition number="2" type="jump" coverage="50%"/>
									</conditions>
								</line>
								<line number="111" hits="155" branch="false"/>
								<line number="112" hits="155" branch="true" condition-coverage="0% (0/2)">
									<conditions>
										<condition number="0" type="jump" coverage="0%"/>
									</conditions>
								</line>
								<line number="113" hits="0" branch="false"/>
								<line number="114" hits="155" branch="true" condition-coverage="100% (2/2)">
									<conditions>
										<condition number="0" type="jump" coverage="100%"/>
									</conditions>
								</line>
								<line number="115" hits="15" branch="true" condition-coverage="0% (0/6)">
									<conditions>
										<condition number="0" type="jump" coverage="0%"/>
										<condition number="1" type="jump" coverage="0%"/>
										<condition number="2" type="jump" coverage="0%"/>
									</conditions>
								</line>
								<line number="116" hits="15" branch="false"/>
								<line number="117" hits="75" branch="true" condition-coverage="100% (2/2)">
									<conditions>
										<condition number="0" type="jump" coverage="100%"/>
									</conditions>
								</line>
								<line number="118" hits="60" branch="false"/>
								<line number="119" hits="60" branch="true" condition-coverage="75% (3/4)">
									<conditions>
										<condition number="0" type="jump" coverage="50%"/>
										<condition number="1" type="jump" coverage="100%"/>
									</conditions>
								</line>
								<line number="120" hits="15" branch="false"/>
								<line number="121" hits="0" branch="false"/>
								<line number="122" hits="45" branch="true" condition-coverage="0% (0/2)">
									<conditions>
										<condition number="0" type="jump" coverage="0%"/>
									</conditions>
								</line>
								<line number="123" hits="45" branch="false"/>
								<line number="124" hits="0" branch="true" condition-coverage="0% (0/4)">
									<conditions>
										<condition number="0" type="jump" coverage="0%"/>
										<condition number="1" type="jump" coverage="0%"/>
									</conditions>
								</line>
								<line number="125" hits="60" branch="false"/>
								<line number="126" hits="15" branch="false"/>
								<line number="127" hits="0" branch="false"/>
								<line number="128" hits="0" branch="false"/>
								<line number="129" hits="155" branch="true" condition-coverage="50% (1/2)">
									<conditions>
										<condition number="0" type="jump" coverage="50%"/>
									</conditions>
								</line>
								<line number="130" hits="0" branch="false"/>
								<line number="131" hits="0" branch="false"/>
								<line number="132" hits="155" branch="false"/>
								<line number="133" hits="155" branch="false"/>
								<line number="134" hits="0" branch="true" condition-coverage="0% (0/2)">
									<conditions>
										<condition number="0" type="jump" coverage="0%"/>
									</conditions>
								</line>
								<line number="135" hits="0" branch="false"/>
								<line number="136" hits="310" branch="true" condition-coverage="50% (1/2)">
									<conditions>
										<condition number="0" type="jump" coverage="50%"/>
									</conditions>
								</line>
								<line number="137" hits="0" branch="false"/>
								<line number="138" hits="0" branch="false"/>
								<line number="139" hits="0" branch="false"/>
								<line number="140" hits="0" branch="false"/>
								<line number="141" hits="0" branch="true" condition-coverage="0% (0/2)">
									<conditions>
										<condition number="0" type="jump" coverage="0%"/>
									</conditions>
								</line>
								<line number="143" hits="35" branch="false"/>
								<line number="144" hits="7" branch="false"/>
								<line number="145" hits="7" branch="false"/>
								<line number="146" hits="0" branch="false"/>
								<line number="147" hits="0" branch="false"/>
								<line number="148" hits="35" branch="false"/>
								<line number="149" hits="35" branch="false"/>
								<line number="150" hits="1" branch="false"/>
								<line number="151" hits="0" branch="false"/>
								<line number="152" hits="0" branch="false"/>
								<line number="153" hits="1" branch="false"/>
								<line number="154" hits="1" branch="false"/>
							</lines>
						</method>
						<method name="readConfigFile" signature="(Ljava/lang/String;)V" line-rate="1.0" branch-rate="1.0" complexity="0">
							<lines>
								<line number="68" hits="42" branch="false"/>
								<line number="69" hits="35" branch="false"/>
								<line number="76" hits="1" branch="false"/>
								<line number="77" hits="1" branch="false"/>
							</lines>
						</method>
						<method name="readConfigFile" signature="(Ljava/lang/String;Z)V" line-rate="1.0" branch-rate="1.0" complexity="0">
							<lines>
								<line number="79" hits="42" branch="false"/>
								<line number="80" hits="35" branch="false"/>
								<line number="86" hits="1" branch="false"/>
								<line number="87" hits="1" branch="false"/>
							</lines>
						</method>
						<method name="remove" signature="(Ljava/lang/String;)V" line-rate="0.0" branch-rate="1.0" complexity="0">
							<lines>
								<line number="244" hits="0" branch="false"/>
								<line number="245" hits="0" branch="false"/>
								<line number="249" hits="0" branch="false"/>
								<line number="250" hits="0" branch="false"/>
							</lines>
						</method>
						<method name="remove" signature="(Ljava/lang/String;Ljava/lang/String;)V" line-rate="0.0" branch-rate="0.0" complexity="0">
							<lines>
								<line number="256" hits="0" branch="false"/>
								<line number="257" hits="0" branch="true" condition-coverage="0% (0/2)">
									<conditions>
										<condition number="0" type="jump" coverage="0%"/>
									</conditions>
								</line>
								<line number="258" hits="0" branch="false"/>
								<line number="260" hits="0" branch="false"/>
								<line number="261" hits="0" branch="true" condition-coverage="0% (0/2)">
									<conditions>
										<condition number="0" type="jump" coverage="0%"/>
									</conditions>
								</line>
								<line number="262" hits="0" branch="true" condition-coverage="0% (0/2)">
									<conditions>
										<condition number="0" type="jump" coverage="0%"/>
									</conditions>
								</line>
								<line number="263" hits="0" branch="false"/>
								<line number="264" hits="0" branch="false"/>
								<line number="265" hits="0" branch="false"/>
								<line number="266" hits="0" branch="true" condition-coverage="0% (0/2)">
									<conditions>
										<condition number="0" type="jump" coverage="0%"/>
									</conditions>
								</line>
								<line number="267" hits="0" branch="false"/>
								<line number="269" hits="0" branch="false"/>
							</lines>
						</method>
						<method name="setName" signature="(Ljava/lang/String;)V" line-rate="0.5" branch-rate="0.5" complexity="0">
							<lines>
								<line number="500" hits="42" branch="true" condition-coverage="100% (2/2)">
									<conditions>
										<condition number="0" type="jump" coverage="100%"/>
									</conditions>
								</line>
								<line number="501" hits="35" branch="false"/>
								<line number="503" hits="7" branch="false"/>
								<line number="504" hits="42" branch="false"/>
								<line number="506" hits="0" branch="true" condition-coverage="0% (0/2)">
									<conditions>
										<condition number="0" type="jump" coverage="0%"/>
									</conditions>
								</line>
								<line number="507" hits="0" branch="false"/>
								<line number="509" hits="0" branch="false"/>
								<line number="510" hits="0" branch="false"/>
							</lines>
						</method>
						<method name="toString" signature="()Ljava/lang/String;" line-rate="0.0" branch-rate="0.0" complexity="0">
							<lines>
								<line number="512" hits="0" branch="false"/>
								<line number="513" hits="0" branch="true" condition-coverage="0% (0/2)">
									<conditions>
										<condition number="0" type="jump" coverage="0%"/>
									</conditions>
								</line>
								<line number="514" hits="0" branch="false"/>
								<line number="515" hits="0" branch="true" condition-coverage="0% (0/2)">
									<conditions>
										<condition number="0" type="jump" coverage="0%"/>
									</conditions>
								</line>
								<line number="516" hits="0" branch="false"/>
								<line number="518" hits="0" branch="false"/>
								<line number="519" hits="0" branch="true" condition-coverage="0% (0/2)">
									<conditions>
										<condition number="0" type="jump" coverage="0%"/>
									</conditions>
								</line>
								<line number="520" hits="0" branch="false"/>
								<line number="521" hits="0" branch="true" condition-coverage="0% (0/2)">
									<conditions>
										<condition number="0" type="jump" coverage="0%"/>
									</conditions>
								</line>
								<line number="522" hits="0" branch="false"/>
								<line number="523" hits="0" branch="false"/>
								<line number="524" hits="0" branch="false"/>
								<line number="525" hits="0" branch="true" condition-coverage="0% (0/2)">
									<conditions>
										<condition number="0" type="jump" coverage="0%"/>
									</conditions>
								</line>
								<line number="526" hits="0" branch="false"/>
								<line number="528" hits="0" branch="false"/>
								<line number="529" hits="0" branch="false"/>
							</lines>
						</method>
						<method name="wasSuccessfullyRead" signature="()Z" line-rate="0.0" branch-rate="1.0" complexity="0">
							<lines>
								<line number="66" hits="0" branch="false"/>
							</lines>
						</method>
						<method name="writeToFile" signature="(Ljava/lang/String;)V" line-rate="0.0" branch-rate="0.0" complexity="0">
							<lines>
								<line number="534" hits="0" branch="false"/>
								<line number="535" hits="0" branch="false"/>
								<line number="536" hits="0" branch="false"/>
								<line number="537" hits="0" branch="false"/>
								<line number="538" hits="0" branch="true" condition-coverage="0% (0/2)">
									<conditions>
										<condition number="0" type="jump" coverage="0%"/>
									</conditions>
								</line>
								<line number="539" hits="0" branch="false"/>
								<line number="540" hits="0" branch="false"/>
								<line number="541" hits="0" branch="false"/>
								<line number="542" hits="0" branch="true" condition-coverage="0% (0/2)">
									<conditions>
										<condition number="0" type="jump" coverage="0%"/>
									</conditions>
								</line>
								<line number="543" hits="0" branch="false"/>
								<line number="544" hits="0" branch="true" condition-coverage="0% (0/2)">
									<conditions>
										<condition number="0" type="jump" coverage="0%"/>
									</conditions>
								</line>
								<line number="545" hits="0" branch="false"/>
								<line number="547" hits="0" branch="false"/>
								<line number="548" hits="0" branch="true" condition-coverage="0% (0/2)">
									<conditions>
										<condition number="0" type="jump" coverage="0%"/>
									</conditions>
								</line>
								<line number="549" hits="0" branch="false"/>
								<line number="550" hits="0" branch="true" condition-coverage="0% (0/2)">
									<conditions>
										<condition number="0" type="jump" coverage="0%"/>
									</conditions>
								</line>
								<line number="551" hits="0" branch="false"/>
								<line number="552" hits="0" branch="true" condition-coverage="0% (0/2)">
									<conditions>
										<condition number="0" type="jump" coverage="0%"/>
									</conditions>
								</line>
								<line number="553" hits="0" branch="false"/>
								<line number="554" hits="0" branch="false"/>
								<line number="555" hits="0" branch="false"/>
								<line number="556" hits="0" branch="true" condition-coverage="0% (0/2)">
									<conditions>
										<condition number="0" type="jump" coverage="0%"/>
									</conditions>
								</line>
								<line number="557" hits="0" branch="false"/>
								<line number="558" hits="0" branch="true" condition-coverage="0% (0/2)">
									<conditions>
										<condition number="0" type="jump" coverage="0%"/>
									</conditions>
								</line>
								<line number="559" hits="0" branch="false"/>
								<line number="560" hits="0" branch="false"/>
								<line number="561" hits="0" branch="false"/>
								<line number="562" hits="0" branch="true" condition-coverage="0% (0/2)">
									<conditions>
										<condition number="0" type="jump" coverage="0%"/>
									</conditions>
								</line>
								<line number="563" hits="0" branch="false"/>
								<line number="564" hits="0" branch="false"/>
								<line number="566" hits="0" branch="false"/>
								<line number="567" hits="0" branch="false"/>
								<line number="568" hits="0" branch="true" condition-coverage="0% (0/2)">
									<conditions>
										<condition number="0" type="jump" coverage="0%"/>
									</conditions>
								</line>
								<line number="569" hits="0" branch="false"/>
								<line number="570" hits="0" branch="false"/>
								<line number="572" hits="0" branch="false"/>
								<line number="573" hits="0" branch="false"/>
								<line number="574" hits="0" branch="false"/>
								<line number="575" hits="0" branch="false"/>
								<line number="576" hits="0" branch="false"/>
							</lines>
						</method>
					</methods>
					<lines>
						<line number="25" hits="0" branch="false"/>
						<line number="28" hits="1" branch="false"/>
						<line number="32" hits="0" branch="false"/>
						<line number="33" hits="1" branch="false"/>
						<line number="34" hits="1" branch="false"/>
						<line number="35" hits="1" branch="false"/>
						<line number="42" hits="0" branch="false"/>
						<line number="43" hits="0" branch="false"/>
						<line number="44" hits="0" branch="false"/>
						<line number="45" hits="0" branch="false"/>
						<line number="53" hits="42" branch="false"/>
						<line number="54" hits="42" branch="false"/>
						<line number="56" hits="42" branch="false"/>
						<line number="57" hits="42" branch="false"/>
						<line number="58" hits="35" branch="false"/>
						<line number="66" hits="0" branch="false"/>
						<line number="68" hits="42" branch="false"/>
						<line number="69" hits="35" branch="false"/>
						<line number="76" hits="1" branch="false"/>
						<line number="77" hits="1" branch="false"/>
						<line number="79" hits="42" branch="false"/>
						<line number="80" hits="35" branch="false"/>
						<line number="86" hits="1" branch="false"/>
						<line number="87" hits="1" branch="false"/>
						<line number="90" hits="0" branch="false"/>
						<line number="91" hits="0" branch="false"/>
						<line number="96" hits="0" branch="false"/>
						<line number="97" hits="0" branch="false"/>
						<line number="105" hits="42" branch="false"/>
						<line number="107" hits="345" branch="true" condition-coverage="100% (2/2)">
							<conditions>
								<condition number="0" type="jump" coverage="100%"/>
							</conditions>
						</line>
						<line number="108" hits="310" branch="false"/>
						<line number="110" hits="311" branch="true" condition-coverage="83% (5/6)">
							<conditions>
								<condition number="0" type="jump" coverage="100%"/>
								<condition number="1" type="jump" coverage="100%"/>
								<condition number="2" type="jump" coverage="50%"/>
							</conditions>
						</line>
						<line number="111" hits="155" branch="false"/>
						<line number="112" hits="155" branch="true" condition-coverage="0% (0/2)">
							<conditions>
								<condition number="0" type="jump" coverage="0%"/>
							</conditions>
						</line>
						<line number="113" hits="0" branch="false"/>
						<line number="114" hits="155" branch="true" condition-coverage="100% (2/2)">
							<conditions>
								<condition number="0" type="jump" coverage="100%"/>
							</conditions>
						</line>
						<line number="115" hits="15" branch="true" condition-coverage="0% (0/6)">
							<conditions>
								<condition number="0" type="jump" coverage="0%"/>
								<condition number="1" type="jump" coverage="0%"/>
								<condition number="2" type="jump" coverage="0%"/>
							</conditions>
						</line>
						<line number="116" hits="15" branch="false"/>
						<line number="117" hits="75" branch="true" condition-coverage="100% (2/2)">
							<conditions>
								<condition number="0" type="jump" coverage="100%"/>
							</conditions>
						</line>
						<line number="118" hits="60" branch="false"/>
						<line number="119" hits="60" branch="true" condition-coverage="75% (3/4)">
							<conditions>
								<condition number="0" type="jump" coverage="50%"/>
								<condition number="1" type="jump" coverage="100%"/>
							</conditions>
						</line>
						<line number="120" hits="15" branch="false"/>
						<line number="121" hits="0" branch="false"/>
						<line number="122" hits="45" branch="true" condition-coverage="0% (0/2)">
							<conditions>
								<condition number="0" type="jump" coverage="0%"/>
							</conditions>
						</line>
						<line number="123" hits="45" branch="false"/>
						<line number="124" hits="0" branch="true" condition-coverage="0% (0/4)">
							<conditions>
								<condition number="0" type="jump" coverage="0%"/>
								<condition number="1" type="jump" coverage="0%"/>
							</conditions>
						</line>
						<line number="125" hits="60" branch="false"/>
						<line number="126" hits="15" branch="false"/>
						<line number="127" hits="0" branch="false"/>
						<line number="128" hits="0" branch="false"/>
						<line number="129" hits="155" branch="true" condition-coverage="50% (1/2)">
							<conditions>
								<condition number="0" type="jump" coverage="50%"/>
							</conditions>
						</line>
						<line number="130" hits="0" branch="false"/>
						<line number="131" hits="0" branch="false"/>
						<line number="132" hits="155" branch="false"/>
						<line number="133" hits="155" branch="false"/>
						<line number="134" hits="0" branch="true" condition-coverage="0% (0/2)">
							<conditions>
								<condition number="0" type="jump" coverage="0%"/>
							</conditions>
						</line>
						<line number="135" hits="0" branch="false"/>
						<line number="136" hits="310" branch="true" condition-coverage="50% (1/2)">
							<conditions>
								<condition number="0" type="jump" coverage="50%"/>
							</conditions>
						</line>
						<line number="137" hits="0" branch="false"/>
						<line number="138" hits="0" branch="false"/>
						<line number="139" hits="0" branch="false"/>
						<line number="140" hits="0" branch="false"/>
						<line number="141" hits="0" branch="true" condition-coverage="0% (0/2)">
							<conditions>
								<condition number="0" type="jump" coverage="0%"/>
							</conditions>
						</line>
						<line number="143" hits="35" branch="false"/>
						<line number="144" hits="7" branch="false"/>
						<line number="145" hits="7" branch="false"/>
						<line number="146" hits="0" branch="false"/>
						<line number="147" hits="0" branch="false"/>
						<line number="148" hits="35" branch="false"/>
						<line number="149" hits="35" branch="false"/>
						<line number="150" hits="1" branch="false"/>
						<line number="151" hits="0" branch="false"/>
						<line number="152" hits="0" branch="false"/>
						<line number="153" hits="1" branch="false"/>
						<line number="154" hits="1" branch="false"/>
						<line number="159" hits="0" branch="false"/>
						<line number="164" hits="0" branch="false"/>
						<line number="170" hits="155" branch="false"/>
						<line number="171" hits="155" branch="true" condition-coverage="50% (1/2)">
							<conditions>
								<condition number="0" type="jump" coverage="50%"/>
							</conditions>
						</line>
						<line number="172" hits="155" branch="false"/>
						<line number="173" hits="155" branch="false"/>
						<line number="175" hits="155" branch="false"/>
						<line number="176" hits="0" branch="true" condition-coverage="0% (0/2)">
							<conditions>
								<condition number="0" type="jump" coverage="0%"/>
							</conditions>
						</line>
						<line number="177" hits="0" branch="false"/>
						<line number="178" hits="0" branch="false"/>
						<line number="180" hits="0" branch="false"/>
						<line number="187" hits="0" branch="false"/>
						<line number="188" hits="0" branch="false"/>
						<line number="192" hits="0" branch="false"/>
						<line number="193" hits="0" branch="false"/>
						<line number="199" hits="0" branch="false"/>
						<line number="200" hits="0" branch="false"/>
						<line number="204" hits="0" branch="false"/>
						<line number="205" hits="0" branch="false"/>
						<line number="213" hits="0" branch="true" condition-coverage="0% (0/2)">
							<conditions>
								<condition number="0" type="jump" coverage="0%"/>
							</conditions>
						</line>
						<line number="214" hits="0" branch="false"/>
						<line number="216" hits="0" branch="false"/>
						<line number="217" hits="0" branch="false"/>
						<line number="218" hits="0" branch="true" condition-coverage="0% (0/2)">
							<conditions>
								<condition number="0" type="jump" coverage="0%"/>
							</conditions>
						</line>
						<line number="219" hits="0" branch="false"/>
						<line number="221" hits="0" branch="false"/>
						<line number="222" hits="0" branch="false"/>
						<line number="228" hits="0" branch="false"/>
						<line number="229" hits="0" branch="true" condition-coverage="0% (0/2)">
							<conditions>
								<condition number="0" type="jump" coverage="0%"/>
							</conditions>
						</line>
						<line number="230" hits="0" branch="true" condition-coverage="0% (0/2)">
							<conditions>
								<condition number="0" type="jump" coverage="0%"/>
							</conditions>
						</line>
						<line number="231" hits="0" branch="false"/>
						<line number="233" hits="0" branch="false"/>
						<line number="234" hits="0" branch="true" condition-coverage="0% (0/2)">
							<conditions>
								<condition number="0" type="jump" coverage="0%"/>
							</conditions>
						</line>
						<line number="235" hits="0" branch="true" condition-coverage="0% (0/2)">
							<conditions>
								<condition number="0" type="jump" coverage="0%"/>
							</conditions>
						</line>
						<line number="236" hits="0" branch="false"/>
						<line number="238" hits="0" branch="false"/>
						<line number="239" hits="0" branch="false"/>
						<line number="240" hits="0" branch="false"/>
						<line number="244" hits="0" branch="false"/>
						<line number="245" hits="0" branch="false"/>
						<line number="249" hits="0" branch="false"/>
						<line number="250" hits="0" branch="false"/>
						<line number="256" hits="0" branch="false"/>
						<line number="257" hits="0" branch="true" condition-coverage="0% (0/2)">
							<conditions>
								<condition number="0" type="jump" coverage="0%"/>
							</conditions>
						</line>
						<line number="258" hits="0" branch="false"/>
						<line number="260" hits="0" branch="false"/>
						<line number="261" hits="0" branch="true" condition-coverage="0% (0/2)">
							<conditions>
								<condition number="0" type="jump" coverage="0%"/>
							</conditions>
						</line>
						<line number="262" hits="0" branch="true" condition-coverage="0% (0/2)">
							<conditions>
								<condition number="0" type="jump" coverage="0%"/>
							</conditions>
						</line>
						<line number="263" hits="0" branch="false"/>
						<line number="264" hits="0" branch="false"/>
						<line number="265" hits="0" branch="false"/>
						<line number="266" hits="0" branch="true" condition-coverage="0% (0/2)">
							<conditions>
								<condition number="0" type="jump" coverage="0%"/>
							</conditions>
						</line>
						<line number="267" hits="0" branch="false"/>
						<line number="269" hits="0" branch="false"/>
						<line number="274" hits="28" branch="false"/>
						<line number="275" hits="28" branch="true" condition-coverage="50% (2/4)">
							<conditions>
								<condition number="0" type="jump" coverage="50%"/>
								<condition number="1" type="jump" coverage="50%"/>
							</conditions>
						</line>
						<line number="276" hits="0" branch="false"/>
						<line number="278" hits="28" branch="false"/>
						<line number="279" hits="1" branch="false"/>
						<line number="280" hits="1" branch="true" condition-coverage="25% (1/4)">
							<conditions>
								<condition number="0" type="jump" coverage="50%"/>
								<condition number="1" type="jump" coverage="0%"/>
							</conditions>
						</line>
						<line number="281" hits="1" branch="false"/>
						<line number="283" hits="0" branch="false"/>
						<line number="293" hits="0" branch="false"/>
						<line number="294" hits="0" branch="true" condition-coverage="0% (0/2)">
							<conditions>
								<condition number="0" type="jump" coverage="0%"/>
							</conditions>
						</line>
						<line number="295" hits="0" branch="false"/>
						<line number="296" hits="0" branch="false"/>
						<line number="298" hits="0" branch="false"/>
						<line number="299" hits="0" branch="true" condition-coverage="0% (0/2)">
							<conditions>
								<condition number="0" type="jump" coverage="0%"/>
							</conditions>
						</line>
						<line number="300" hits="0" branch="false"/>
						<line number="301" hits="0" branch="false"/>
						<line number="304" hits="0" branch="false"/>
						<line number="312" hits="0" branch="false"/>
						<line number="313" hits="0" branch="true" condition-coverage="0% (0/2)">
							<conditions>
								<condition number="0" type="jump" coverage="0%"/>
							</conditions>
						</line>
						<line number="314" hits="0" branch="false"/>
						<line number="316" hits="0" branch="true" condition-coverage="0% (0/4)">
							<conditions>
								<condition number="0" type="jump" coverage="0%"/>
								<condition number="1" type="jump" coverage="0%"/>
							</conditions>
						</line>
						<line number="317" hits="0" branch="true" condition-coverage="0% (0/6)">
							<conditions>
								<condition number="0" type="jump" coverage="0%"/>
								<condition number="1" type="jump" coverage="0%"/>
								<condition number="2" type="jump" coverage="0%"/>
							</conditions>
						</line>
						<line number="318" hits="0" branch="true" condition-coverage="0% (0/2)">
							<conditions>
								<condition number="0" type="jump" coverage="0%"/>
							</conditions>
						</line>
						<line number="319" hits="0" branch="false"/>
						<line number="321" hits="0" branch="true" condition-coverage="0% (0/4)">
							<conditions>
								<condition number="0" type="jump" coverage="0%"/>
								<condition number="1" type="jump" coverage="0%"/>
							</conditions>
						</line>
						<line number="322" hits="0" branch="true" condition-coverage="0% (0/6)">
							<conditions>
								<condition number="0" type="jump" coverage="0%"/>
								<condition number="1" type="jump" coverage="0%"/>
								<condition number="2" type="jump" coverage="0%"/>
							</conditions>
						</line>
						<line number="323" hits="0" branch="true" condition-coverage="0% (0/2)">
							<conditions>
								<condition number="0" type="jump" coverage="0%"/>
							</conditions>
						</line>
						<line number="324" hits="0" branch="false"/>
						<line number="326" hits="0" branch="false"/>
						<line number="327" hits="0" branch="false"/>
						<line number="339" hits="0" branch="false"/>
						<line number="340" hits="0" branch="false"/>
						<line number="341" hits="0" branch="false"/>
						<line number="342" hits="0" branch="false"/>
						<line number="343" hits="0" branch="false"/>
						<line number="344" hits="0" branch="false"/>
						<line number="345" hits="0" branch="false"/>
						<line number="346" hits="0" branch="false"/>
						<line number="347" hits="0" branch="false"/>
						<line number="348" hits="0" branch="false"/>
						<line number="350" hits="0" branch="false"/>
						<line number="358" hits="21" branch="false"/>
						<line number="359" hits="21" branch="true" condition-coverage="50% (1/2)">
							<conditions>
								<condition number="0" type="jump" coverage="50%"/>
							</conditions>
						</line>
						<line number="360" hits="0" branch="false"/>
						<line number="363" hits="21" branch="false"/>
						<line number="364" hits="0" branch="true" condition-coverage="0% (0/2)">
							<conditions>
								<condition number="0" type="jump" coverage="0%"/>
							</conditions>
						</line>
						<line number="365" hits="7" branch="false"/>
						<line number="368" hits="0" branch="false"/>
						<line number="370" hits="0" branch="false"/>
						<line number="382" hits="0" branch="false"/>
						<line number="383" hits="0" branch="false"/>
						<line number="384" hits="0" branch="false"/>
						<line number="385" hits="0" branch="false"/>
						<line number="386" hits="0" branch="false"/>
						<line number="387" hits="0" branch="false"/>
						<line number="388" hits="0" branch="false"/>
						<line number="389" hits="0" branch="false"/>
						<line number="390" hits="0" branch="false"/>
						<line number="391" hits="0" branch="false"/>
						<line number="393" hits="0" branch="false"/>
						<line number="401" hits="7" branch="false"/>
						<line number="402" hits="7" branch="true" condition-coverage="50% (1/2)">
							<conditions>
								<condition number="0" type="jump" coverage="50%"/>
							</conditions>
						</line>
						<line number="403" hits="0" branch="false"/>
						<line number="406" hits="7" branch="false"/>
						<line number="407" hits="0" branch="true" condition-coverage="0% (0/2)">
							<conditions>
								<condition number="0" type="jump" coverage="0%"/>
							</conditions>
						</line>
						<line number="408" hits="7" branch="false"/>
						<line number="411" hits="0" branch="false"/>
						<line number="413" hits="0" branch="false"/>
						<line number="425" hits="0" branch="false"/>
						<line number="426" hits="0" branch="false"/>
						<line number="427" hits="0" branch="false"/>
						<line number="428" hits="0" branch="false"/>
						<line number="429" hits="0" branch="false"/>
						<line number="430" hits="0" branch="false"/>
						<line number="431" hits="0" branch="false"/>
						<line number="432" hits="0" branch="false"/>
						<line number="433" hits="0" branch="false"/>
						<line number="434" hits="0" branch="false"/>
						<line number="436" hits="0" branch="false"/>
						<line number="443" hits="0" branch="false"/>
						<line number="448" hits="0" branch="false"/>
						<line number="460" hits="0" branch="true" condition-coverage="0% (0/2)">
							<conditions>
								<condition number="0" type="jump" coverage="0%"/>
							</conditions>
						</line>
						<line number="461" hits="0" branch="false"/>
						<line number="463" hits="0" branch="false"/>
						<line number="465" hits="0" branch="true" condition-coverage="0% (0/2)">
							<conditions>
								<condition number="0" type="jump" coverage="0%"/>
							</conditions>
						</line>
						<line number="466" hits="0" branch="true" condition-coverage="0% (0/2)">
							<conditions>
								<condition number="0" type="jump" coverage="0%"/>
							</conditions>
						</line>
						<line number="467" hits="0" branch="true" condition-coverage="0% (0/4)">
							<conditions>
								<condition number="0" type="jump" coverage="0%"/>
								<condition number="1" type="jump" coverage="0%"/>
							</conditions>
						</line>
						<line number="468" hits="0" branch="false"/>
						<line number="469" hits="0" branch="false"/>
						<line number="470" hits="0" branch="false"/>
						<line number="471" hits="0" branch="false"/>
						<line number="472" hits="0" branch="true" condition-coverage="0% (0/2)">
							<conditions>
								<condition number="0" type="jump" coverage="0%"/>
							</conditions>
						</line>
						<line number="473" hits="0" branch="true" condition-coverage="0% (0/4)">
							<conditions>
								<condition number="0" type="jump" coverage="0%"/>
								<condition number="1" type="jump" coverage="0%"/>
							</conditions>
						</line>
						<line number="474" hits="0" branch="false"/>
						<line number="475" hits="0" branch="false"/>
						<line number="477" hits="0" branch="false"/>
						<line number="478" hits="0" branch="false"/>
						<line number="481" hits="0" branch="false"/>
						<line number="487" hits="0" branch="false"/>
						<line number="490" hits="0" branch="false"/>
						<line number="496" hits="0" branch="false"/>
						<line number="500" hits="42" branch="true" condition-coverage="100% (2/2)">
							<conditions>
								<condition number="0" type="jump" coverage="100%"/>
							</conditions>
						</line>
						<line number="501" hits="35" branch="false"/>
						<line number="503" hits="7" branch="false"/>
						<line number="504" hits="42" branch="false"/>
						<line number="506" hits="0" branch="true" condition-coverage="0% (0/2)">
							<conditions>
								<condition number="0" type="jump" coverage="0%"/>
							</conditions>
						</line>
						<line number="507" hits="0" branch="false"/>
						<line number="509" hits="0" branch="false"/>
						<line number="510" hits="0" branch="false"/>
						<line number="512" hits="0" branch="false"/>
						<line number="513" hits="0" branch="true" condition-coverage="0% (0/2)">
							<conditions>
								<condition number="0" type="jump" coverage="0%"/>
							</conditions>
						</line>
						<line number="514" hits="0" branch="false"/>
						<line number="515" hits="0" branch="true" condition-coverage="0% (0/2)">
							<conditions>
								<condition number="0" type="jump" coverage="0%"/>
							</conditions>
						</line>
						<line number="516" hits="0" branch="false"/>
						<line number="518" hits="0" branch="false"/>
						<line number="519" hits="0" branch="true" condition-coverage="0% (0/2)">
							<conditions>
								<condition number="0" type="jump" coverage="0%"/>
							</conditions>
						</line>
						<line number="520" hits="0" branch="false"/>
						<line number="521" hits="0" branch="true" condition-coverage="0% (0/2)">
							<conditions>
								<condition number="0" type="jump" coverage="0%"/>
							</conditions>
						</line>
						<line number="522" hits="0" branch="false"/>
						<line number="523" hits="0" branch="false"/>
						<line number="524" hits="0" branch="false"/>
						<line number="525" hits="0" branch="true" condition-coverage="0% (0/2)">
[...]
							<conditions>
								<condition number="0" type="jump" coverage="0%"/>
							</conditions>
						</line>
						<line number="557" hits="0" branch="false"/>
						<line number="558" hits="0" branch="true" condition-coverage="0% (0/2)">
							<conditions>
								<condition number="0" type="jump" coverage="0%"/>
							</conditions>
						</line>
						<line number="559" hits="0" branch="false"/>
						<line number="560" hits="0" branch="false"/>
						<line number="561" hits="0" branch="false"/>
						<line number="562" hits="0" branch="true" condition-coverage="0% (0/2)">
							<conditions>
								<condition number="0" type="jump" coverage="0%"/>
							</conditions>
						</line>
						<line number="563" hits="0" branch="false"/>
						<line number="564" hits="0" branch="false"/>
						<line number="566" hits="0" branch="false"/>
						<line number="567" hits="0" branch="false"/>
						<line number="568" hits="0" branch="true" condition-coverage="0% (0/2)">
							<conditions>
								<condition number="0" type="jump" coverage="0%"/>
							</conditions>
						</line>
						<line number="569" hits="0" branch="false"/>
						<line number="570" hits="0" branch="false"/>
						<line number="572" hits="0" branch="false"/>
						<line number="573" hits="0" branch="false"/>
						<line number="574" hits="0" branch="false"/>
						<line number="575" hits="0" branch="false"/>
						<line number="576" hits="0" branch="false"/>
						<line number="580" hits="0" branch="false"/>
						<line number="583" hits="0" branch="false"/>
						<line number="584" hits="0" branch="true" condition-coverage="0% (0/4)">
							<conditions>
								<condition number="0" type="jump" coverage="0%"/>
								<condition number="1" type="jump" coverage="0%"/>
							</conditions>
						</line>
						<line number="585" hits="0" branch="false"/>
						<line number="586" hits="0" branch="true" condition-coverage="0% (0/2)">
							<conditions>
								<condition number="0" type="jump" coverage="0%"/>
							</conditions>
						</line>
						<line number="587" hits="0" branch="false"/>
						<line number="589" hits="0" branch="false"/>
						<line number="590" hits="0" branch="true" condition-coverage="0% (0/4)">
							<conditions>
								<condition number="0" type="jump" coverage="0%"/>
								<condition number="1" type="jump" coverage="0%"/>
							</conditions>
						</line>
						<line number="591" hits="0" branch="false"/>
						<line number="592" hits="0" branch="true" condition-coverage="0% (0/2)">
							<conditions>
								<condition number="0" type="jump" coverage="0%"/>
							</conditions>
						</line>
						<line number="593" hits="0" branch="false"/>
						<line number="595" hits="0" branch="false"/>
						<line number="596" hits="0" branch="false"/>
						<line number="597" hits="0" branch="true" condition-coverage="0% (0/2)">
							<conditions>
								<condition number="0" type="jump" coverage="0%"/>
							</conditions>
						</line>
						<line number="598" hits="0" branch="false"/>
						<line number="600" hits="0" branch="false"/>
						<line number="606" hits="0" branch="true" condition-coverage="0% (0/2)">
							<conditions>
								<condition number="0" type="jump" coverage="0%"/>
							</conditions>
						</line>
						<line number="607" hits="0" branch="false"/>
						<line number="608" hits="0" branch="false"/>
						<line number="610" hits="0" branch="false"/>
						<line number="613" hits="0" branch="false"/>
						<line number="615" hits="0" branch="true" condition-coverage="0% (0/2)">
							<conditions>
								<condition number="0" type="jump" coverage="0%"/>
							</conditions>
						</line>
						<line number="616" hits="0" branch="false"/>
						<line number="618" hits="0" branch="false"/>
					</lines>
				</class>
				<class name="gov.usgs.volcanoes.util.configFile.Parser" filename="gov/usgs/volcanoes/util/configFile/Parser.java" line-rate="1.0" branch-rate="1.0" complexity="1.0">
					<methods>
					</methods>
					<lines>
					</lines>
				</class>
			</classes>
		</package>
		<package name="gov.usgs.volcanoes.util.types" line-rate="0.0" branch-rate="0.0" complexity="2.210526315789474">
			<classes>
				<class name="gov.usgs.volcanoes.util.types.Types" filename="gov/usgs/volcanoes/util/types/Types.java" line-rate="0.0" branch-rate="0.0" complexity="2.210526315789474">
					<methods>
						<method name="&lt;init&gt;" signature="()V" line-rate="0.0" branch-rate="1.0" complexity="0">
							<lines>
								<line number="11" hits="0" branch="false"/>
							</lines>
						</method>
						<method name="byteToHex" signature="(B)Ljava/lang/String;" line-rate="0.0" branch-rate="0.0" complexity="0">
							<lines>
								<line number="278" hits="0" branch="false"/>
								<line number="279" hits="0" branch="true" condition-coverage="0% (0/2)">
									<conditions>
										<condition number="0" type="jump" coverage="0%"/>
									</conditions>
								</line>
								<line number="280" hits="0" branch="false"/>
								<line number="281" hits="0" branch="false"/>
							</lines>
						</method>
						<method name="byteToInt" signature="(B)I" line-rate="0.0" branch-rate="1.0" complexity="0">
							<lines>
								<line number="39" hits="0" branch="false"/>
							</lines>
						</method>
						<method name="bytesToHex" signature="([B)Ljava/lang/String;" line-rate="0.0" branch-rate="0.0" complexity="0">
							<lines>
								<line number="292" hits="0" branch="false"/>
								<line number="293" hits="0" branch="true" condition-coverage="0% (0/2)">
									<conditions>
										<condition number="0" type="jump" coverage="0%"/>
									</conditions>
								</line>
								<line number="294" hits="0" branch="false"/>
								<line number="296" hits="0" branch="false"/>
							</lines>
						</method>
						<method name="bytesToString" signature="([B)Ljava/lang/String;" line-rate="0.0" branch-rate="1.0" complexity="0">
							<lines>
								<line number="51" hits="0" branch="false"/>
							</lines>
						</method>
						<method name="bytesToString" signature="([BII)Ljava/lang/String;" line-rate="0.0" branch-rate="0.0" complexity="0">
							<lines>
								<line number="67" hits="0" branch="false"/>
								<line number="68" hits="0" branch="true" condition-coverage="0% (0/2)">
									<conditions>
										<condition number="0" type="jump" coverage="0%"/>
									</conditions>
								</line>
								<line number="69" hits="0" branch="true" condition-coverage="0% (0/2)">
									<conditions>
										<condition number="0" type="jump" coverage="0%"/>
									</conditions>
								</line>
								<line number="70" hits="0" branch="false"/>
								<line number="71" hits="0" branch="false"/>
								<line number="73" hits="0" branch="true" condition-coverage="0% (0/2)">
									<conditions>
										<condition number="0" type="jump" coverage="0%"/>
									</conditions>
								</line>
								<line number="75" hits="0" branch="false"/>
								<line number="78" hits="0" branch="false"/>
							</lines>
						</method>
						<method name="hexToBytes" signature="(Ljava/lang/String;)[B" line-rate="0.0" branch-rate="0.0" complexity="0">
							<lines>
								<line number="307" hits="0" branch="false"/>
								<line number="308" hits="0" branch="false"/>
								<line number="309" hits="0" branch="true" condition-coverage="0% (0/2)">
									<conditions>
										<condition number="0" type="jump" coverage="0%"/>
									</conditions>
								</line>
								<line number="310" hits="0" branch="false"/>
								<line number="311" hits="0" branch="false"/>
								<line number="312" hits="0" branch="false"/>
								<line number="314" hits="0" branch="false"/>
							</lines>
						</method>
						<method name="intToByte" signature="(I)B" line-rate="0.0" branch-rate="1.0" complexity="0">
							<lines>
								<line number="28" hits="0" branch="false"/>
							</lines>
						</method>
						<method name="mapToString" signature="(Ljava/util/Map;)Ljava/lang/String;" line-rate="0.0" branch-rate="0.0" complexity="0">
							<lines>
								<line number="241" hits="0" branch="false"/>
								<line number="242" hits="0" branch="true" condition-coverage="0% (0/2)">
									<conditions>
										<condition number="0" type="jump" coverage="0%"/>
									</conditions>
								</line>
								<line number="243" hits="0" branch="false"/>
								<line number="245" hits="0" branch="false"/>
							</lines>
						</method>
						<method name="quickBytesToString" signature="([BII)Ljava/lang/String;" line-rate="0.0" branch-rate="0.0" complexity="0">
							<lines>
								<line number="93" hits="0" branch="false"/>
								<line number="94" hits="0" branch="true" condition-coverage="0% (0/2)">
									<conditions>
										<condition number="0" type="jump" coverage="0%"/>
									</conditions>
								</line>
								<line number="95" hits="0" branch="false"/>
								<line number="96" hits="0" branch="false"/>
							</lines>
						</method>
						<method name="stringToBoolean" signature="(Ljava/lang/String;)Z" line-rate="0.0" branch-rate="0.0" complexity="0">
							<lines>
								<line number="108" hits="0" branch="true" condition-coverage="0% (0/2)">
									<conditions>
										<condition number="0" type="jump" coverage="0%"/>
									</conditions>
								</line>
								<line number="109" hits="0" branch="false"/>
								<line number="110" hits="0" branch="true" condition-coverage="0% (0/6)">
									<conditions>
										<condition number="0" type="jump" coverage="0%"/>
										<condition number="1" type="jump" coverage="0%"/>
										<condition number="2" type="jump" coverage="0%"/>
									</conditions>
								</line>
							</lines>
						</method>
						<method name="stringToBoolean" signature="(Ljava/lang/String;Z)Z" line-rate="0.0" branch-rate="0.0" complexity="0">
							<lines>
								<line number="121" hits="0" branch="true" condition-coverage="0% (0/2)">
									<conditions>
										<condition number="0" type="jump" coverage="0%"/>
									</conditions>
								</line>
								<line number="122" hits="0" branch="false"/>
								<line number="123" hits="0" branch="true" condition-coverage="0% (0/6)">
									<conditions>
										<condition number="0" type="jump" coverage="0%"/>
										<condition number="1" type="jump" coverage="0%"/>
										<condition number="2" type="jump" coverage="0%"/>
									</conditions>
								</line>
							</lines>
						</method>
						<method name="stringToDouble" signature="(Ljava/lang/String;)D" line-rate="0.0" branch-rate="1.0" complexity="0">
							<lines>
								<line number="197" hits="0" branch="false"/>
							</lines>
						</method>
						<method name="stringToDouble" signature="(Ljava/lang/String;D)D" line-rate="0.0" branch-rate="1.0" complexity="0">
							<lines>
								<line number="211" hits="0" branch="false"/>
								<line number="213" hits="0" branch="false"/>
								<line number="214" hits="0" branch="false"/>
								<line number="215" hits="0" branch="false"/>
								<line number="216" hits="0" branch="false"/>
							</lines>
						</method>
						<method name="stringToInt" signature="(Ljava/lang/String;)I" line-rate="0.0" branch-rate="1.0" complexity="0">
							<lines>
								<line number="135" hits="0" branch="false"/>
							</lines>
						</method>
						<method name="stringToInt" signature="(Ljava/lang/String;I)I" line-rate="0.0" branch-rate="1.0" complexity="0">
							<lines>
								<line number="149" hits="0" branch="false"/>
								<line number="151" hits="0" branch="false"/>
								<line number="152" hits="0" branch="false"/>
								<line number="153" hits="0" branch="false"/>
								<line number="154" hits="0" branch="false"/>
							</lines>
						</method>
						<method name="stringToInteger" signature="(Ljava/lang/String;)Ljava/lang/Integer;" line-rate="0.0" branch-rate="1.0" complexity="0">
							<lines>
								<line number="166" hits="0" branch="false"/>
							</lines>
						</method>
						<method name="stringToInteger" signature="(Ljava/lang/String;Ljava/lang/Integer;)Ljava/lang/Integer;" line-rate="0.0" branch-rate="1.0" complexity="0">
							<lines>
								<line number="180" hits="0" branch="false"/>
								<line number="182" hits="0" branch="false"/>
								<line number="183" hits="0" branch="false"/>
								<line number="184" hits="0" branch="false"/>
								<line number="185" hits="0" branch="false"/>
							</lines>
						</method>
						<method name="stringToMap" signature="(Ljava/lang/String;)Ljava/util/Map;" line-rate="0.0" branch-rate="0.0" complexity="0">
							<lines>
								<line number="257" hits="0" branch="false"/>
								<line number="258" hits="0" branch="false"/>
								<line number="259" hits="0" branch="true" condition-coverage="0% (0/2)">
									<conditions>
										<condition number="0" type="jump" coverage="0%"/>
									</conditions>
								</line>
								<line number="260" hits="0" branch="false"/>
								<line number="261" hits="0" branch="true" condition-coverage="0% (0/2)">
									<conditions>
										<condition number="0" type="jump" coverage="0%"/>
									</conditions>
								</line>
								<line number="262" hits="0" branch="false"/>
								<line number="263" hits="0" branch="false"/>
								<line number="264" hits="0" branch="false"/>
								<line number="265" hits="0" branch="false"/>
								<line number="267" hits="0" branch="false"/>
							</lines>
						</method>
						<method name="stringToString" signature="(Ljava/lang/String;Ljava/lang/String;)Ljava/lang/String;" line-rate="0.0" branch-rate="0.0" complexity="0">
							<lines>
								<line number="229" hits="0" branch="true" condition-coverage="0% (0/2)">
									<conditions>
										<condition number="0" type="jump" coverage="0%"/>
									</conditions>
								</line>
							</lines>
						</method>
					</methods>
					<lines>
						<line number="11" hits="0" branch="false"/>
						<line number="28" hits="0" branch="false"/>
						<line number="39" hits="0" branch="false"/>
						<line number="51" hits="0" branch="false"/>
						<line number="67" hits="0" branch="false"/>
						<line number="68" hits="0" branch="true" condition-coverage="0% (0/2)">
							<conditions>
								<condition number="0" type="jump" coverage="0%"/>
							</conditions>
						</line>
						<line number="69" hits="0" branch="true" condition-coverage="0% (0/2)">
							<conditions>
								<condition number="0" type="jump" coverage="0%"/>
							</conditions>
						</line>
						<line number="70" hits="0" branch="false"/>
						<line number="71" hits="0" branch="false"/>
						<line number="73" hits="0" branch="true" condition-coverage="0% (0/2)">
							<conditions>
								<condition number="0" type="jump" coverage="0%"/>
							</conditions>
						</line>
						<line number="75" hits="0" branch="false"/>
						<line number="78" hits="0" branch="false"/>
						<line number="93" hits="0" branch="false"/>
						<line number="94" hits="0" branch="true" condition-coverage="0% (0/2)">
							<conditions>
								<condition number="0" type="jump" coverage="0%"/>
							</conditions>
						</line>
						<line number="95" hits="0" branch="false"/>
						<line number="96" hits="0" branch="false"/>
						<line number="108" hits="0" branch="true" condition-coverage="0% (0/2)">
							<conditions>
								<condition number="0" type="jump" coverage="0%"/>
							</conditions>
						</line>
						<line number="109" hits="0" branch="false"/>
						<line number="110" hits="0" branch="true" condition-coverage="0% (0/6)">
							<conditions>
								<condition number="0" type="jump" coverage="0%"/>
								<condition number="1" type="jump" coverage="0%"/>
								<condition number="2" type="jump" coverage="0%"/>
							</conditions>
						</line>
						<line number="121" hits="0" branch="true" condition-coverage="0% (0/2)">
							<conditions>
								<condition number="0" type="jump" coverage="0%"/>
							</conditions>
						</line>
						<line number="122" hits="0" branch="false"/>
						<line number="123" hits="0" branch="true" condition-coverage="0% (0/6)">
							<conditions>
								<condition number="0" type="jump" coverage="0%"/>
								<condition number="1" type="jump" coverage="0%"/>
								<condition number="2" type="jump" coverage="0%"/>
							</conditions>
						</line>
						<line number="135" hits="0" branch="false"/>
						<line number="149" hits="0" branch="false"/>
						<line number="151" hits="0" branch="false"/>
						<line number="152" hits="0" branch="false"/>
						<line number="153" hits="0" branch="false"/>
						<line number="154" hits="0" branch="false"/>
						<line number="166" hits="0" branch="false"/>
						<line number="180" hits="0" branch="false"/>
						<line number="182" hits="0" branch="false"/>
						<line number="183" hits="0" branch="false"/>
						<line number="184" hits="0" branch="false"/>
						<line number="185" hits="0" branch="false"/>
						<line number="197" hits="0" branch="false"/>
						<line number="211" hits="0" branch="false"/>
						<line number="213" hits="0" branch="false"/>
						<line number="214" hits="0" branch="false"/>
						<line number="215" hits="0" branch="false"/>
						<line number="216" hits="0" branch="false"/>
						<line number="229" hits="0" branch="true" condition-coverage="0% (0/2)">
							<conditions>
								<condition number="0" type="jump" coverage="0%"/>
							</conditions>
						</line>
						<line number="241" hits="0" branch="false"/>
						<line number="242" hits="0" branch="true" condition-coverage="0% (0/2)">
							<conditions>
								<condition number="0" type="jump" coverage="0%"/>
							</conditions>
						</line>
						<line number="243" hits="0" branch="false"/>
						<line number="245" hits="0" branch="false"/>
						<line number="257" hits="0" branch="false"/>
						<line number="258" hits="0" branch="false"/>
						<line number="259" hits="0" branch="true" condition-coverage="0% (0/2)">
							<conditions>
								<condition number="0" type="jump" coverage="0%"/>
							</conditions>
						</line>
						<line number="260" hits="0" branch="false"/>
						<line number="261" hits="0" branch="true" condition-coverage="0% (0/2)">
							<conditions>
								<condition number="0" type="jump" coverage="0%"/>
							</conditions>
						</line>
						<line number="262" hits="0" branch="false"/>
						<line number="263" hits="0" branch="false"/>
						<line number="264" hits="0" branch="false"/>
						<line number="265" hits="0" branch="false"/>
						<line number="267" hits="0" branch="false"/>
						<line number="278" hits="0" branch="false"/>
						<line number="279" hits="0" branch="true" condition-coverage="0% (0/2)">
							<conditions>
								<condition number="0" type="jump" coverage="0%"/>
							</conditions>
						</line>
						<line number="280" hits="0" branch="false"/>
						<line number="281" hits="0" branch="false"/>
						<line number="292" hits="0" branch="false"/>
						<line number="293" hits="0" branch="true" condition-coverage="0% (0/2)">
							<conditions>
								<condition number="0" type="jump" coverage="0%"/>
							</conditions>
						</line>
						<line number="294" hits="0" branch="false"/>
						<line number="296" hits="0" branch="false"/>
						<line number="307" hits="0" branch="false"/>
						<line number="308" hits="0" branch="false"/>
						<line number="309" hits="0" branch="true" condition-coverage="0% (0/2)">
							<conditions>
								<condition number="0" type="jump" coverage="0%"/>
							</conditions>
						</line>
						<line number="310" hits="0" branch="false"/>
						<line number="311" hits="0" branch="false"/>
						<line number="312" hits="0" branch="false"/>
						<line number="314" hits="0" branch="false"/>
					</lines>
				</class>
			</classes>
		</package>
	</packages>
</coverage>
