<?xml version="1.0"?>
<!DOCTYPE coverage SYSTEM "http://cobertura.sourceforge.net/xml/coverage-04.dtd">

<coverage line-rate="0.45587106676899464" branch-rate="0.375" lines-covered="594" lines-valid="1303" branches-covered="180" branches-valid="480" complexity="2.0476190476190474" version="2.1.1" timestamp="1449810128971">
	<sources>
		<source>/Users/tomp/git/volcano-core/src/main/java</source>
		<source>--source</source>
		<source>/Users/tomp/git/volcano-core/target/generated-sources/annotations</source>
	</sources>
	<packages>
		<package name="gov.usgs.volcanoes.core" line-rate="0.0" branch-rate="0.0" complexity="1.9047619047619047">
			<classes>
				<class name="gov.usgs.volcanoes.core.CodeTimer" filename="gov/usgs/volcanoes/core/CodeTimer.java" line-rate="0.0" branch-rate="0.0" complexity="1.75">
					<methods>
						<method name="&lt;clinit&gt;" signature="()V" line-rate="0.0" branch-rate="1.0" complexity="0">
							<lines>
								<line number="18" hits="0" branch="false"/>
							</lines>
						</method>
						<method name="&lt;init&gt;" signature="()V" line-rate="0.0" branch-rate="1.0" complexity="0">
							<lines>
								<line number="32" hits="0" branch="false"/>
								<line number="33" hits="0" branch="false"/>
							</lines>
						</method>
						<method name="&lt;init&gt;" signature="(Ljava/lang/String;)V" line-rate="0.0" branch-rate="1.0" complexity="0">
							<lines>
								<line number="41" hits="0" branch="false"/>
								<line number="42" hits="0" branch="false"/>
							</lines>
						</method>
						<method name="&lt;init&gt;" signature="(Ljava/lang/String;Z)V" line-rate="0.0" branch-rate="0.0" complexity="0">
							<lines>
								<line number="50" hits="0" branch="false"/>
								<line number="51" hits="0" branch="false"/>
								<line number="52" hits="0" branch="false"/>
								<line number="53" hits="0" branch="false"/>
								<line number="54" hits="0" branch="false"/>
								<line number="55" hits="0" branch="false"/>
								<line number="56" hits="0" branch="true" condition-coverage="0% (0/2)">
									<conditions>
										<condition number="0" type="jump" coverage="0%"/>
									</conditions>
								</line>
								<line number="57" hits="0" branch="false"/>
								<line number="59" hits="0" branch="false"/>
							</lines>
						</method>
						<method name="getRunTime" signature="()J" line-rate="0.0" branch-rate="1.0" complexity="0">
							<lines>
								<line number="67" hits="0" branch="false"/>
							</lines>
						</method>
						<method name="getRunTimeMillis" signature="()D" line-rate="0.0" branch-rate="1.0" complexity="0">
							<lines>
								<line number="76" hits="0" branch="false"/>
							</lines>
						</method>
						<method name="getTotalTime" signature="()J" line-rate="0.0" branch-rate="1.0" complexity="0">
							<lines>
								<line number="85" hits="0" branch="false"/>
							</lines>
						</method>
						<method name="getTotalTimeMillis" signature="()D" line-rate="0.0" branch-rate="1.0" complexity="0">
							<lines>
								<line number="94" hits="0" branch="false"/>
							</lines>
						</method>
						<method name="mark" signature="(Ljava/lang/String;)V" line-rate="0.0" branch-rate="1.0" complexity="0">
							<lines>
								<line number="104" hits="0" branch="false"/>
								<line number="105" hits="0" branch="false"/>
								<line number="106" hits="0" branch="false"/>
								<line number="107" hits="0" branch="false"/>
								<line number="108" hits="0" branch="false"/>
								<line number="109" hits="0" branch="false"/>
							</lines>
						</method>
						<method name="start" signature="()V" line-rate="0.0" branch-rate="1.0" complexity="0">
							<lines>
								<line number="115" hits="0" branch="false"/>
								<line number="116" hits="0" branch="false"/>
							</lines>
						</method>
						<method name="stop" signature="()V" line-rate="0.0" branch-rate="1.0" complexity="0">
							<lines>
								<line number="122" hits="0" branch="false"/>
								<line number="123" hits="0" branch="false"/>
								<line number="124" hits="0" branch="false"/>
								<line number="125" hits="0" branch="false"/>
								<line number="126" hits="0" branch="false"/>
							</lines>
						</method>
						<method name="stopAndReport" signature="()V" line-rate="0.0" branch-rate="1.0" complexity="0">
							<lines>
								<line number="129" hits="0" branch="false"/>
								<line number="130" hits="0" branch="false"/>
								<line number="131" hits="0" branch="false"/>
							</lines>
						</method>
						<method name="toString" signature="()Ljava/lang/String;" line-rate="0.0" branch-rate="0.0" complexity="0">
							<lines>
								<line number="140" hits="0" branch="true" condition-coverage="0% (0/4)">
									<conditions>
										<condition number="0" type="jump" coverage="0%"/>
										<condition number="1" type="jump" coverage="0%"/>
									</conditions>
								</line>
								<line number="141" hits="0" branch="true" condition-coverage="0% (0/2)">
									<conditions>
										<condition number="0" type="jump" coverage="0%"/>
									</conditions>
								</line>
								<line number="142" hits="0" branch="false"/>
								<line number="144" hits="0" branch="false"/>
								<line number="146" hits="0" branch="true" condition-coverage="0% (0/4)">
									<conditions>
										<condition number="0" type="jump" coverage="0%"/>
										<condition number="1" type="jump" coverage="0%"/>
									</conditions>
								</line>
								<line number="147" hits="0" branch="false"/>
								<line number="149" hits="0" branch="false"/>
							</lines>
						</method>
					</methods>
					<lines>
						<line number="18" hits="0" branch="false"/>
						<line number="32" hits="0" branch="false"/>
						<line number="33" hits="0" branch="false"/>
						<line number="41" hits="0" branch="false"/>
						<line number="42" hits="0" branch="false"/>
						<line number="50" hits="0" branch="false"/>
						<line number="51" hits="0" branch="false"/>
						<line number="52" hits="0" branch="false"/>
						<line number="53" hits="0" branch="false"/>
						<line number="54" hits="0" branch="false"/>
						<line number="55" hits="0" branch="false"/>
						<line number="56" hits="0" branch="true" condition-coverage="0% (0/2)">
							<conditions>
								<condition number="0" type="jump" coverage="0%"/>
							</conditions>
						</line>
						<line number="57" hits="0" branch="false"/>
						<line number="59" hits="0" branch="false"/>
						<line number="67" hits="0" branch="false"/>
						<line number="76" hits="0" branch="false"/>
						<line number="85" hits="0" branch="false"/>
						<line number="94" hits="0" branch="false"/>
						<line number="104" hits="0" branch="false"/>
						<line number="105" hits="0" branch="false"/>
						<line number="106" hits="0" branch="false"/>
						<line number="107" hits="0" branch="false"/>
						<line number="108" hits="0" branch="false"/>
						<line number="109" hits="0" branch="false"/>
						<line number="115" hits="0" branch="false"/>
						<line number="116" hits="0" branch="false"/>
						<line number="122" hits="0" branch="false"/>
						<line number="123" hits="0" branch="false"/>
						<line number="124" hits="0" branch="false"/>
						<line number="125" hits="0" branch="false"/>
						<line number="126" hits="0" branch="false"/>
						<line number="129" hits="0" branch="false"/>
						<line number="130" hits="0" branch="false"/>
						<line number="131" hits="0" branch="false"/>
						<line number="140" hits="0" branch="true" condition-coverage="0% (0/4)">
							<conditions>
								<condition number="0" type="jump" coverage="0%"/>
								<condition number="1" type="jump" coverage="0%"/>
							</conditions>
						</line>
						<line number="141" hits="0" branch="true" condition-coverage="0% (0/2)">
							<conditions>
								<condition number="0" type="jump" coverage="0%"/>
							</conditions>
						</line>
						<line number="142" hits="0" branch="false"/>
						<line number="144" hits="0" branch="false"/>
						<line number="146" hits="0" branch="true" condition-coverage="0% (0/4)">
							<conditions>
								<condition number="0" type="jump" coverage="0%"/>
								<condition number="1" type="jump" coverage="0%"/>
							</conditions>
						</line>
						<line number="147" hits="0" branch="false"/>
						<line number="149" hits="0" branch="false"/>
					</lines>
				</class>
				<class name="gov.usgs.volcanoes.core.DataUtils" filename="gov/usgs/volcanoes/core/DataUtils.java" line-rate="0.0" branch-rate="0.0" complexity="2.0">
					<methods>
						<method name="&lt;init&gt;" signature="()V" line-rate="0.0" branch-rate="1.0" complexity="0">
							<lines>
								<line number="22" hits="0" branch="false"/>
							</lines>
						</method>
						<method name="register" signature="(DD)D" line-rate="0.0" branch-rate="0.0" complexity="0">
							<lines>
								<line number="13" hits="0" branch="false"/>
								<line number="14" hits="0" branch="true" condition-coverage="0% (0/2)">
									<conditions>
										<condition number="0" type="jump" coverage="0%"/>
									</conditions>
								</line>
								<line number="15" hits="0" branch="false"/>
								<line number="17" hits="0" branch="false"/>
							</lines>
						</method>
					</methods>
					<lines>
						<line number="13" hits="0" branch="false"/>
						<line number="14" hits="0" branch="true" condition-coverage="0% (0/2)">
							<conditions>
								<condition number="0" type="jump" coverage="0%"/>
							</conditions>
						</line>
						<line number="15" hits="0" branch="false"/>
						<line number="17" hits="0" branch="false"/>
						<line number="22" hits="0" branch="false"/>
					</lines>
				</class>
				<class name="gov.usgs.volcanoes.core.Log" filename="gov/usgs/volcanoes/core/Log.java" line-rate="0.0" branch-rate="1.0" complexity="1.0">
					<methods>
						<method name="&lt;clinit&gt;" signature="()V" line-rate="0.0" branch-rate="1.0" complexity="0">
							<lines>
								<line number="26" hits="0" branch="false"/>
							</lines>
						</method>
						<method name="&lt;init&gt;" signature="()V" line-rate="0.0" branch-rate="1.0" complexity="0">
							<lines>
								<line number="25" hits="0" branch="false"/>
							</lines>
						</method>
						<method name="addFileAppender" signature="(Ljava/lang/String;)V" line-rate="0.0" branch-rate="1.0" complexity="0">
							<lines>
								<line number="35" hits="0" branch="false"/>
								<line number="36" hits="0" branch="false"/>
								<line number="37" hits="0" branch="false"/>
								<line number="38" hits="0" branch="false"/>
								<line number="39" hits="0" branch="false"/>
								<line number="40" hits="0" branch="false"/>
							</lines>
						</method>
						<method name="setLevel" signature="(Lorg/apache/log4j/Level;)V" line-rate="0.0" branch-rate="1.0" complexity="0">
							<lines>
								<line number="48" hits="0" branch="false"/>
								<line number="49" hits="0" branch="false"/>
							</lines>
						</method>
					</methods>
					<lines>
						<line number="25" hits="0" branch="false"/>
						<line number="26" hits="0" branch="false"/>
						<line number="35" hits="0" branch="false"/>
						<line number="36" hits="0" branch="false"/>
						<line number="37" hits="0" branch="false"/>
						<line number="38" hits="0" branch="false"/>
						<line number="39" hits="0" branch="false"/>
						<line number="40" hits="0" branch="false"/>
						<line number="48" hits="0" branch="false"/>
						<line number="49" hits="0" branch="false"/>
					</lines>
				</class>
				<class name="gov.usgs.volcanoes.core.Version" filename="gov/usgs/volcanoes/core/Version.java" line-rate="1.0" branch-rate="1.0" complexity="0.0">
					<methods>
					</methods>
					<lines>
					</lines>
				</class>
				<class name="gov.usgs.volcanoes.core.Zip" filename="gov/usgs/volcanoes/core/Zip.java" line-rate="0.0" branch-rate="0.0" complexity="2.6">
					<methods>
						<method name="&lt;init&gt;" signature="()V" line-rate="0.0" branch-rate="1.0" complexity="0">
							<lines>
								<line number="20" hits="0" branch="false"/>
							</lines>
						</method>
						<method name="compress" signature="([B)[B" line-rate="0.0" branch-rate="1.0" complexity="0">
							<lines>
								<line number="30" hits="0" branch="false"/>
							</lines>
						</method>
						<method name="compress" signature="([BI)[B" line-rate="0.0" branch-rate="1.0" complexity="0">
							<lines>
								<line number="43" hits="0" branch="false"/>
							</lines>
						</method>
						<method name="compress" signature="([BIII)[B" line-rate="0.0" branch-rate="0.0" complexity="0">
							<lines>
								<line number="58" hits="0" branch="false"/>
								<line number="59" hits="0" branch="false"/>
								<line number="60" hits="0" branch="false"/>
								<line number="61" hits="0" branch="false"/>
								<line number="62" hits="0" branch="false"/>
								<line number="63" hits="0" branch="false"/>
								<line number="65" hits="0" branch="true" condition-coverage="0% (0/2)">
									<conditions>
										<condition number="0" type="jump" coverage="0%"/>
									</conditions>
								</line>
								<line number="66" hits="0" branch="false"/>
								<line number="67" hits="0" branch="false"/>
								<line number="68" hits="0" branch="true" condition-coverage="0% (0/2)">
									<conditions>
										<condition number="0" type="jump" coverage="0%"/>
									</conditions>
								</line>
								<line number="69" hits="0" branch="false"/>
								<line number="71" hits="0" branch="false"/>
								<line number="72" hits="0" branch="false"/>
								<line number="73" hits="0" branch="false"/>
								<line number="74" hits="0" branch="false"/>
								<line number="75" hits="0" branch="false"/>
								<line number="76" hits="0" branch="true" condition-coverage="0% (0/2)">
									<conditions>
										<condition number="0" type="jump" coverage="0%"/>
									</conditions>
								</line>
								<line number="77" hits="0" branch="false"/>
								<line number="78" hits="0" branch="false"/>
								<line number="80" hits="0" branch="false"/>
								<line number="81" hits="0" branch="false"/>
							</lines>
						</method>
						<method name="decompress" signature="([B)[B" line-rate="0.0" branch-rate="1.0" complexity="0">
							<lines>
								<line number="92" hits="0" branch="false"/>
							</lines>
						</method>
						<method name="decompress" signature="([BI)[B" line-rate="0.0" branch-rate="0.0" complexity="0">
							<lines>
								<line number="106" hits="0" branch="false"/>
								<line number="107" hits="0" branch="false"/>
								<line number="108" hits="0" branch="false"/>
								<line number="110" hits="0" branch="false"/>
								<line number="111" hits="0" branch="false"/>
								<line number="112" hits="0" branch="true" condition-coverage="0% (0/2)">
									<conditions>
										<condition number="0" type="jump" coverage="0%"/>
									</conditions>
								</line>
								<line number="113" hits="0" branch="false"/>
								<line number="114" hits="0" branch="false"/>
								<line number="115" hits="0" branch="true" condition-coverage="0% (0/2)">
									<conditions>
										<condition number="0" type="jump" coverage="0%"/>
									</conditions>
								</line>
								<line number="116" hits="0" branch="false"/>
								<line number="118" hits="0" branch="false"/>
								<line number="119" hits="0" branch="false"/>
								<line number="120" hits="0" branch="false"/>
								<line number="121" hits="0" branch="false"/>
								<line number="122" hits="0" branch="false"/>
								<line number="123" hits="0" branch="false"/>
								<line number="124" hits="0" branch="true" condition-coverage="0% (0/2)">
									<conditions>
										<condition number="0" type="jump" coverage="0%"/>
									</conditions>
								</line>
								<line number="125" hits="0" branch="false"/>
								<line number="126" hits="0" branch="false"/>
								<line number="128" hits="0" branch="false"/>
								<line number="129" hits="0" branch="false"/>
								<line number="130" hits="0" branch="false"/>
								<line number="131" hits="0" branch="false"/>
								<line number="133" hits="0" branch="false"/>
							</lines>
						</method>
					</methods>
					<lines>
						<line number="20" hits="0" branch="false"/>
						<line number="30" hits="0" branch="false"/>
						<line number="43" hits="0" branch="false"/>
						<line number="58" hits="0" branch="false"/>
						<line number="59" hits="0" branch="false"/>
						<line number="60" hits="0" branch="false"/>
						<line number="61" hits="0" branch="false"/>
						<line number="62" hits="0" branch="false"/>
						<line number="63" hits="0" branch="false"/>
						<line number="65" hits="0" branch="true" condition-coverage="0% (0/2)">
							<conditions>
								<condition number="0" type="jump" coverage="0%"/>
							</conditions>
						</line>
						<line number="66" hits="0" branch="false"/>
						<line number="67" hits="0" branch="false"/>
						<line number="68" hits="0" branch="true" condition-coverage="0% (0/2)">
							<conditions>
								<condition number="0" type="jump" coverage="0%"/>
							</conditions>
						</line>
						<line number="69" hits="0" branch="false"/>
						<line number="71" hits="0" branch="false"/>
						<line number="72" hits="0" branch="false"/>
						<line number="73" hits="0" branch="false"/>
						<line number="74" hits="0" branch="false"/>
						<line number="75" hits="0" branch="false"/>
						<line number="76" hits="0" branch="true" condition-coverage="0% (0/2)">
							<conditions>
								<condition number="0" type="jump" coverage="0%"/>
							</conditions>
						</line>
						<line number="77" hits="0" branch="false"/>
						<line number="78" hits="0" branch="false"/>
						<line number="80" hits="0" branch="false"/>
						<line number="81" hits="0" branch="false"/>
						<line number="92" hits="0" branch="false"/>
						<line number="106" hits="0" branch="false"/>
						<line number="107" hits="0" branch="false"/>
						<line number="108" hits="0" branch="false"/>
						<line number="110" hits="0" branch="false"/>
						<line number="111" hits="0" branch="false"/>
						<line number="112" hits="0" branch="true" condition-coverage="0% (0/2)">
							<conditions>
								<condition number="0" type="jump" coverage="0%"/>
							</conditions>
						</line>
						<line number="113" hits="0" branch="false"/>
						<line number="114" hits="0" branch="false"/>
						<line number="115" hits="0" branch="true" condition-coverage="0% (0/2)">
							<conditions>
								<condition number="0" type="jump" coverage="0%"/>
							</conditions>
						</line>
						<line number="116" hits="0" branch="false"/>
						<line number="118" hits="0" branch="false"/>
						<line number="119" hits="0" branch="false"/>
						<line number="120" hits="0" branch="false"/>
						<line number="121" hits="0" branch="false"/>
						<line number="122" hits="0" branch="false"/>
						<line number="123" hits="0" branch="false"/>
						<line number="124" hits="0" branch="true" condition-coverage="0% (0/2)">
							<conditions>
								<condition number="0" type="jump" coverage="0%"/>
							</conditions>
						</line>
						<line number="125" hits="0" branch="false"/>
						<line number="126" hits="0" branch="false"/>
						<line number="128" hits="0" branch="false"/>
						<line number="129" hits="0" branch="false"/>
						<line number="130" hits="0" branch="false"/>
						<line number="131" hits="0" branch="false"/>
						<line number="133" hits="0" branch="false"/>
					</lines>
				</class>
				<class name="gov.usgs.volcanoes.core.package-info" filename="gov/usgs/volcanoes/core/package-info.java" line-rate="1.0" branch-rate="1.0" complexity="0.0">
					<methods>
					</methods>
					<lines>
					</lines>
				</class>
			</classes>
		</package>
		<package name="gov.usgs.volcanoes.core.args" line-rate="0.8444444444444444" branch-rate="1.0" complexity="1.2941176470588236">
			<classes>
				<class name="gov.usgs.volcanoes.core.args.Args" filename="gov/usgs/volcanoes/core/args/Args.java" line-rate="0.6666666666666666" branch-rate="1.0" complexity="1.8">
					<methods>
						<method name="&lt;init&gt;" signature="(Ljava/lang/String;Ljava/lang/String;[Lcom/martiansoftware/jsap/Parameter;)V" line-rate="0.6666666666666666" branch-rate="1.0" complexity="0">
							<lines>
								<line number="31" hits="40" branch="false"/>
								<line number="33" hits="40" branch="false"/>
								<line number="34" hits="0" branch="false"/>
								<line number="35" hits="0" branch="false"/>
								<line number="36" hits="40" branch="false"/>
								<line number="37" hits="40" branch="false"/>
							</lines>
						</method>
						<method name="getById" signature="(Ljava/lang/String;)Lcom/martiansoftware/jsap/Parameter;" line-rate="1.0" branch-rate="1.0" complexity="0">
							<lines>
								<line number="40" hits="16" branch="false"/>
							</lines>
						</method>
						<method name="messagePrinted" signature="()Z" line-rate="0.0" branch-rate="1.0" complexity="0">
							<lines>
								<line number="69" hits="0" branch="false"/>
							</lines>
						</method>
						<method name="parse" signature="([Ljava/lang/String;)Lcom/martiansoftware/jsap/JSAPResult;" line-rate="1.0" branch-rate="1.0" complexity="0">
							<lines>
								<line number="50" hits="28" branch="false"/>
								<line number="52" hits="28" branch="false"/>
							</lines>
						</method>
						<method name="registerParameter" signature="(Lcom/martiansoftware/jsap/Parameter;)V" line-rate="0.6" branch-rate="1.0" complexity="0">
							<lines>
								<line number="62" hits="64" branch="false"/>
								<line number="63" hits="0" branch="false"/>
								<line number="64" hits="0" branch="false"/>
								<line number="65" hits="64" branch="false"/>
								<line number="66" hits="64" branch="false"/>
							</lines>
						</method>
					</methods>
					<lines>
						<line number="31" hits="40" branch="false"/>
						<line number="33" hits="40" branch="false"/>
						<line number="34" hits="0" branch="false"/>
						<line number="35" hits="0" branch="false"/>
						<line number="36" hits="40" branch="false"/>
						<line number="37" hits="40" branch="false"/>
						<line number="40" hits="16" branch="false"/>
						<line number="50" hits="28" branch="false"/>
						<line number="52" hits="28" branch="false"/>
						<line number="62" hits="64" branch="false"/>
						<line number="63" hits="0" branch="false"/>
						<line number="64" hits="0" branch="false"/>
						<line number="65" hits="64" branch="false"/>
						<line number="66" hits="64" branch="false"/>
						<line number="69" hits="0" branch="false"/>
					</lines>
				</class>
				<class name="gov.usgs.volcanoes.core.args.ArgsDecorator" filename="gov/usgs/volcanoes/core/args/ArgsDecorator.java" line-rate="0.8888888888888888" branch-rate="1.0" complexity="1.0">
					<methods>
						<method name="&lt;clinit&gt;" signature="()V" line-rate="1.0" branch-rate="1.0" complexity="0">
							<lines>
								<line number="20" hits="2" branch="false"/>
							</lines>
						</method>
						<method name="&lt;init&gt;" signature="(Lgov/usgs/volcanoes/core/args/Arguments;)V" line-rate="1.0" branch-rate="1.0" complexity="0">
							<lines>
								<line number="28" hits="48" branch="false"/>
								<line number="29" hits="48" branch="false"/>
								<line number="30" hits="48" branch="false"/>
							</lines>
						</method>
						<method name="getById" signature="(Ljava/lang/String;)Lcom/martiansoftware/jsap/Parameter;" line-rate="1.0" branch-rate="1.0" complexity="0">
							<lines>
								<line number="39" hits="10" branch="false"/>
							</lines>
						</method>
						<method name="messagePrinted" signature="()Z" line-rate="0.0" branch-rate="1.0" complexity="0">
							<lines>
								<line number="51" hits="0" branch="false"/>
							</lines>
						</method>
						<method name="parse" signature="([Ljava/lang/String;)Lcom/martiansoftware/jsap/JSAPResult;" line-rate="1.0" branch-rate="1.0" complexity="0">
							<lines>
								<line number="43" hits="38" branch="false"/>
							</lines>
						</method>
						<method name="registerParameter" signature="(Lcom/martiansoftware/jsap/Parameter;)V" line-rate="1.0" branch-rate="1.0" complexity="0">
							<lines>
								<line number="47" hits="32" branch="false"/>
								<line number="48" hits="32" branch="false"/>
							</lines>
						</method>
					</methods>
					<lines>
						<line number="20" hits="2" branch="false"/>
						<line number="28" hits="48" branch="false"/>
						<line number="29" hits="48" branch="false"/>
						<line number="30" hits="48" branch="false"/>
						<line number="39" hits="10" branch="false"/>
						<line number="43" hits="38" branch="false"/>
						<line number="47" hits="32" branch="false"/>
						<line number="48" hits="32" branch="false"/>
						<line number="51" hits="0" branch="false"/>
					</lines>
				</class>
				<class name="gov.usgs.volcanoes.core.args.ArgsFacade" filename="gov/usgs/volcanoes/core/args/ArgsFacade.java" line-rate="0.9411764705882353" branch-rate="1.0" complexity="2.0">
					<methods>
						<method name="&lt;clinit&gt;" signature="()V" line-rate="1.0" branch-rate="1.0" complexity="0">
							<lines>
								<line number="30" hits="2" branch="false"/>
								<line number="32" hits="2" branch="false"/>
							</lines>
						</method>
						<method name="&lt;init&gt;" signature="()V" line-rate="0.0" branch-rate="1.0" complexity="0">
							<lines>
								<line number="25" hits="0" branch="false"/>
							</lines>
						</method>
						<method name="main" signature="([Ljava/lang/String;)V" line-rate="1.0" branch-rate="1.0" complexity="0">
							<lines>
								<line number="45" hits="4" branch="false"/>
								<line number="48" hits="4" branch="false"/>
								<line number="53" hits="4" branch="false"/>
								<line number="54" hits="4" branch="false"/>
								<line number="55" hits="4" branch="false"/>
								<line number="57" hits="4" branch="false"/>
								<line number="58" hits="4" branch="false"/>
								<line number="60" hits="4" branch="false"/>
								<line number="61" hits="4" branch="false"/>
								<line number="63" hits="4" branch="false"/>
								<line number="64" hits="4" branch="false"/>
								<line number="66" hits="4" branch="true" condition-coverage="100% (2/2)">
									<conditions>
										<condition number="0" type="jump" coverage="100%"/>
									</conditions>
								</line>
								<line number="67" hits="2" branch="false"/>
								<line number="69" hits="4" branch="false"/>
							</lines>
						</method>
					</methods>
					<lines>
						<line number="25" hits="0" branch="false"/>
						<line number="30" hits="2" branch="false"/>
						<line number="32" hits="2" branch="false"/>
						<line number="45" hits="4" branch="false"/>
						<line number="48" hits="4" branch="false"/>
						<line number="53" hits="4" branch="false"/>
						<line number="54" hits="4" branch="false"/>
						<line number="55" hits="4" branch="false"/>
						<line number="57" hits="4" branch="false"/>
						<line number="58" hits="4" branch="false"/>
						<line number="60" hits="4" branch="false"/>
						<line number="61" hits="4" branch="false"/>
						<line number="63" hits="4" branch="false"/>
						<line number="64" hits="4" branch="false"/>
						<line number="66" hits="4" branch="true" condition-coverage="100% (2/2)">
							<conditions>
								<condition number="0" type="jump" coverage="100%"/>
							</conditions>
						</line>
						<line number="67" hits="2" branch="false"/>
						<line number="69" hits="4" branch="false"/>
					</lines>
				</class>
				<class name="gov.usgs.volcanoes.core.args.ArgumentException" filename="gov/usgs/volcanoes/core/args/ArgumentException.java" line-rate="1.0" branch-rate="1.0" complexity="1.0">
					<methods>
						<method name="&lt;init&gt;" signature="(Ljava/lang/Exception;)V" line-rate="1.0" branch-rate="1.0" complexity="0">
							<lines>
								<line number="34" hits="6" branch="false"/>
								<line number="35" hits="6" branch="false"/>
							</lines>
						</method>
						<method name="&lt;init&gt;" signature="(Ljava/lang/String;)V" line-rate="1.0" branch-rate="1.0" complexity="0">
							<lines>
								<line number="25" hits="2" branch="false"/>
								<line number="26" hits="2" branch="false"/>
							</lines>
						</method>
					</methods>
					<lines>
						<line number="25" hits="2" branch="false"/>
						<line number="26" hits="2" branch="false"/>
						<line number="34" hits="6" branch="false"/>
						<line number="35" hits="6" branch="false"/>
					</lines>
				</class>
				<class name="gov.usgs.volcanoes.core.args.Arguments" filename="gov/usgs/volcanoes/core/args/Arguments.java" line-rate="1.0" branch-rate="1.0" complexity="1.0">
					<methods>
					</methods>
					<lines>
					</lines>
				</class>
				<class name="gov.usgs.volcanoes.core.args.package-info" filename="gov/usgs/volcanoes/core/args/package-info.java" line-rate="1.0" branch-rate="1.0" complexity="0.0">
					<methods>
					</methods>
					<lines>
					</lines>
				</class>
			</classes>
		</package>
		<package name="gov.usgs.volcanoes.core.args.decorator" line-rate="0.9565217391304348" branch-rate="1.0" complexity="3.125">
			<classes>
				<class name="gov.usgs.volcanoes.core.args.decorator.ConfigFileArg" filename="gov/usgs/volcanoes/core/args/decorator/ConfigFileArg.java" line-rate="1.0" branch-rate="1.0" complexity="1.0">
					<methods>
						<method name="&lt;init&gt;" signature="(Ljava/lang/String;Lgov/usgs/volcanoes/core/args/Arguments;)V" line-rate="1.0" branch-rate="1.0" complexity="0">
							<lines>
								<line number="34" hits="14" branch="false"/>
								<line number="36" hits="14" branch="false"/>
								<line number="38" hits="14" branch="false"/>
							</lines>
						</method>
					</methods>
					<lines>
						<line number="34" hits="14" branch="false"/>
						<line number="36" hits="14" branch="false"/>
						<line number="38" hits="14" branch="false"/>
					</lines>
				</class>
				<class name="gov.usgs.volcanoes.core.args.decorator.CreateConfigArg" filename="gov/usgs/volcanoes/core/args/decorator/CreateConfigArg.java" line-rate="0.875" branch-rate="1.0" complexity="3.5">
					<methods>
						<method name="&lt;init&gt;" signature="(Ljava/lang/String;Lgov/usgs/volcanoes/core/args/Arguments;)V" line-rate="1.0" branch-rate="1.0" complexity="0">
							<lines>
								<line number="41" hits="12" branch="false"/>
								<line number="42" hits="12" branch="false"/>
								<line number="44" hits="12" branch="false"/>
								<line number="47" hits="12" branch="true" condition-coverage="100% (2/2)">
									<conditions>
										<condition number="0" type="jump" coverage="100%"/>
									</conditions>
								</line>
								<line number="48" hits="2" branch="false"/>
								<line number="50" hits="10" branch="false"/>
							</lines>
						</method>
						<method name="parse" signature="([Ljava/lang/String;)Lcom/martiansoftware/jsap/JSAPResult;" line-rate="0.8" branch-rate="1.0" complexity="0">
							<lines>
								<line number="54" hits="8" branch="false"/>
								<line number="55" hits="8" branch="false"/>
								<line number="56" hits="8" branch="true" condition-coverage="100% (2/2)">
									<conditions>
										<condition number="0" type="jump" coverage="100%"/>
									</conditions>
								</line>
								<line number="58" hits="2" branch="false"/>
								<line number="59" hits="2" branch="false"/>
								<line number="61" hits="2" branch="false"/>
								<line number="62" hits="0" branch="false"/>
								<line number="63" hits="0" branch="false"/>
								<line number="64" hits="2" branch="false"/>
								<line number="66" hits="8" branch="false"/>
							</lines>
						</method>
					</methods>
					<lines>
						<line number="41" hits="12" branch="false"/>
						<line number="42" hits="12" branch="false"/>
						<line number="44" hits="12" branch="false"/>
						<line number="47" hits="12" branch="true" condition-coverage="100% (2/2)">
							<conditions>
								<condition number="0" type="jump" coverage="100%"/>
							</conditions>
						</line>
						<line number="48" hits="2" branch="false"/>
						<line number="50" hits="10" branch="false"/>
						<line number="54" hits="8" branch="false"/>
						<line number="55" hits="8" branch="false"/>
						<line number="56" hits="8" branch="true" condition-coverage="100% (2/2)">
							<conditions>
								<condition number="0" type="jump" coverage="100%"/>
							</conditions>
						</line>
						<line number="58" hits="2" branch="false"/>
						<line number="59" hits="2" branch="false"/>
						<line number="61" hits="2" branch="false"/>
						<line number="62" hits="0" branch="false"/>
						<line number="63" hits="0" branch="false"/>
						<line number="64" hits="2" branch="false"/>
						<line number="66" hits="8" branch="false"/>
					</lines>
				</class>
				<class name="gov.usgs.volcanoes.core.args.decorator.DateRangeArg" filename="gov/usgs/volcanoes/core/args/decorator/DateRangeArg.java" line-rate="1.0" branch-rate="1.0" complexity="4.666666666666667">
					<methods>
						<method name="&lt;init&gt;" signature="(Ljava/lang/String;Lgov/usgs/volcanoes/core/args/Arguments;)V" line-rate="1.0" branch-rate="1.0" complexity="0">
							<lines>
								<line number="41" hits="14" branch="false"/>
								<line number="43" hits="14" branch="false"/>
								<line number="44" hits="28" branch="false"/>
								<line number="45" hits="14" branch="false"/>
								<line number="46" hits="28" branch="false"/>
								<line number="47" hits="14" branch="false"/>
								<line number="48" hits="14" branch="false"/>
							</lines>
						</method>
						<method name="parse" signature="([Ljava/lang/String;)Lcom/martiansoftware/jsap/JSAPResult;" line-rate="1.0" branch-rate="1.0" complexity="0">
							<lines>
								<line number="53" hits="10" branch="false"/>
								<line number="56" hits="10" branch="false"/>
								<line number="57" hits="6" branch="false"/>
								<line number="58" hits="6" branch="false"/>
								<line number="59" hits="4" branch="false"/>
								<line number="60" hits="4" branch="false"/>
							</lines>
						</method>
						<method name="validateDates" signature="(Ljava/util/Date;Ljava/util/Date;)V" line-rate="1.0" branch-rate="1.0" complexity="0">
							<lines>
								<line number="66" hits="10" branch="true" condition-coverage="100% (4/4)">
									<conditions>
										<condition number="0" type="jump" coverage="100%"/>
										<condition number="1" type="jump" coverage="100%"/>
									</conditions>
								</line>
								<line number="67" hits="2" branch="false"/>
								<line number="69" hits="8" branch="true" condition-coverage="100% (4/4)">
									<conditions>
										<condition number="0" type="jump" coverage="100%"/>
										<condition number="1" type="jump" coverage="100%"/>
									</conditions>
								</line>
								<line number="70" hits="2" branch="false"/>
								<line number="74" hits="6" branch="true" condition-coverage="100% (4/4)">
									<conditions>
										<condition number="0" type="jump" coverage="100%"/>
										<condition number="1" type="jump" coverage="100%"/>
									</conditions>
								</line>
								<line number="75" hits="2" branch="false"/>
								<line number="78" hits="4" branch="false"/>
							</lines>
						</method>
					</methods>
					<lines>
						<line number="41" hits="14" branch="false"/>
						<line number="43" hits="14" branch="false"/>
						<line number="44" hits="28" branch="false"/>
						<line number="45" hits="14" branch="false"/>
						<line number="46" hits="28" branch="false"/>
						<line number="47" hits="14" branch="false"/>
						<line number="48" hits="14" branch="false"/>
						<line number="53" hits="10" branch="false"/>
						<line number="56" hits="10" branch="false"/>
						<line number="57" hits="6" branch="false"/>
						<line number="58" hits="6" branch="false"/>
						<line number="59" hits="4" branch="false"/>
						<line number="60" hits="4" branch="false"/>
						<line number="66" hits="10" branch="true" condition-coverage="100% (4/4)">
							<conditions>
								<condition number="0" type="jump" coverage="100%"/>
								<condition number="1" type="jump" coverage="100%"/>
							</conditions>
						</line>
						<line number="67" hits="2" branch="false"/>
						<line number="69" hits="8" branch="true" condition-coverage="100% (4/4)">
							<conditions>
								<condition number="0" type="jump" coverage="100%"/>
								<condition number="1" type="jump" coverage="100%"/>
							</conditions>
						</line>
						<line number="70" hits="2" branch="false"/>
						<line number="74" hits="6" branch="true" condition-coverage="100% (4/4)">
							<conditions>
								<condition number="0" type="jump" coverage="100%"/>
								<condition number="1" type="jump" coverage="100%"/>
							</conditions>
						</line>
						<line number="75" hits="2" branch="false"/>
						<line number="78" hits="4" branch="false"/>
					</lines>
				</class>
				<class name="gov.usgs.volcanoes.core.args.decorator.VerboseArg" filename="gov/usgs/volcanoes/core/args/decorator/VerboseArg.java" line-rate="1.0" branch-rate="1.0" complexity="1.5">
					<methods>
						<method name="&lt;init&gt;" signature="(Lgov/usgs/volcanoes/core/args/Arguments;)V" line-rate="1.0" branch-rate="1.0" complexity="0">
							<lines>
								<line number="31" hits="8" branch="false"/>
								<line number="32" hits="8" branch="false"/>
								<line number="33" hits="8" branch="false"/>
							</lines>
						</method>
						<method name="parse" signature="([Ljava/lang/String;)Lcom/martiansoftware/jsap/JSAPResult;" line-rate="1.0" branch-rate="1.0" complexity="0">
							<lines>
								<line number="37" hits="8" branch="false"/>
								<line number="39" hits="8" branch="true" condition-coverage="100% (2/2)">
									<conditions>
										<condition number="0" type="jump" coverage="100%"/>
									</conditions>
								</line>
								<line number="40" hits="2" branch="false"/>
								<line number="42" hits="8" branch="false"/>
							</lines>
						</method>
					</methods>
					<lines>
						<line number="31" hits="8" branch="false"/>
						<line number="32" hits="8" branch="false"/>
						<line number="33" hits="8" branch="false"/>
						<line number="37" hits="8" branch="false"/>
						<line number="39" hits="8" branch="true" condition-coverage="100% (2/2)">
							<conditions>
								<condition number="0" type="jump" coverage="100%"/>
							</conditions>
						</line>
						<line number="40" hits="2" branch="false"/>
						<line number="42" hits="8" branch="false"/>
					</lines>
				</class>
				<class name="gov.usgs.volcanoes.core.args.decorator.package-info" filename="gov/usgs/volcanoes/core/args/decorator/package-info.java" line-rate="1.0" branch-rate="1.0" complexity="0.0">
					<methods>
					</methods>
					<lines>
					</lines>
				</class>
			</classes>
		</package>
		<package name="gov.usgs.volcanoes.core.args.parser" line-rate="1.0" branch-rate="1.0" complexity="2.6666666666666665">
			<classes>
				<class name="gov.usgs.volcanoes.core.args.parser.DateStringParser" filename="gov/usgs/volcanoes/core/args/parser/DateStringParser.java" line-rate="1.0" branch-rate="1.0" complexity="2.0">
					<methods>
						<method name="&lt;init&gt;" signature="(Ljava/lang/String;)V" line-rate="1.0" branch-rate="1.0" complexity="0">
							<lines>
								<line number="31" hits="18" branch="false"/>
								<line number="32" hits="18" branch="false"/>
								<line number="33" hits="18" branch="false"/>
								<line number="34" hits="18" branch="false"/>
							</lines>
						</method>
						<method name="parse" signature="(Ljava/lang/String;)Ljava/lang/Object;" line-rate="1.0" branch-rate="1.0" complexity="0">
							<lines>
								<line number="38" hits="16" branch="false"/>
								<line number="40" hits="16" branch="false"/>
								<line number="41" hits="2" branch="false"/>
								<line number="42" hits="2" branch="false"/>
								<line number="43" hits="14" branch="false"/>
								<line number="44" hits="14" branch="false"/>
							</lines>
						</method>
					</methods>
					<lines>
						<line number="31" hits="18" branch="false"/>
						<line number="32" hits="18" branch="false"/>
						<line number="33" hits="18" branch="false"/>
						<line number="34" hits="18" branch="false"/>
						<line number="38" hits="16" branch="false"/>
						<line number="40" hits="16" branch="false"/>
						<line number="41" hits="2" branch="false"/>
						<line number="42" hits="2" branch="false"/>
						<line number="43" hits="14" branch="false"/>
						<line number="44" hits="14" branch="false"/>
					</lines>
				</class>
				<class name="gov.usgs.volcanoes.core.args.parser.ScnlParser" filename="gov/usgs/volcanoes/core/args/parser/ScnlParser.java" line-rate="1.0" branch-rate="1.0" complexity="4.0">
					<methods>
						<method name="&lt;init&gt;" signature="()V" line-rate="1.0" branch-rate="1.0" complexity="0">
							<lines>
								<line number="21" hits="6" branch="false"/>
							</lines>
						</method>
						<method name="parse" signature="(Ljava/lang/String;)Ljava/lang/Object;" line-rate="1.0" branch-rate="1.0" complexity="0">
							<lines>
								<line number="25" hits="6" branch="false"/>
								<line number="27" hits="6" branch="false"/>
								<line number="28" hits="6" branch="true" condition-coverage="100% (2/2)">
									<conditions>
										<condition number="0" type="jump" coverage="100%"/>
									</conditions>
								</line>
								<line number="29" hits="2" branch="false"/>
								<line number="30" hits="4" branch="true" condition-coverage="100% (2/2)">
									<conditions>
										<condition number="0" type="jump" coverage="100%"/>
									</conditions>
								</line>
								<line number="31" hits="2" branch="false"/>
								<line number="33" hits="2" branch="false"/>
								<line number="36" hits="4" branch="false"/>
							</lines>
						</method>
					</methods>
					<lines>
						<line number="21" hits="6" branch="false"/>
						<line number="25" hits="6" branch="false"/>
						<line number="27" hits="6" branch="false"/>
						<line number="28" hits="6" branch="true" condition-coverage="100% (2/2)">
							<conditions>
								<condition number="0" type="jump" coverage="100%"/>
							</conditions>
						</line>
						<line number="29" hits="2" branch="false"/>
						<line number="30" hits="4" branch="true" condition-coverage="100% (2/2)">
							<conditions>
								<condition number="0" type="jump" coverage="100%"/>
							</conditions>
						</line>
						<line number="31" hits="2" branch="false"/>
						<line number="33" hits="2" branch="false"/>
						<line number="36" hits="4" branch="false"/>
					</lines>
				</class>
				<class name="gov.usgs.volcanoes.core.args.parser.package-info" filename="gov/usgs/volcanoes/core/args/parser/package-info.java" line-rate="1.0" branch-rate="1.0" complexity="0.0">
					<methods>
					</methods>
					<lines>
					</lines>
				</class>
			</classes>
		</package>
		<package name="gov.usgs.volcanoes.core.configfile" line-rate="0.7734806629834254" branch-rate="0.5904255319148937" complexity="2.8285714285714287">
			<classes>
				<class name="gov.usgs.volcanoes.core.configfile.ConfigFile" filename="gov/usgs/volcanoes/core/configfile/ConfigFile.java" line-rate="0.7734806629834254" branch-rate="0.5904255319148937" complexity="2.8823529411764706">
					<methods>
						<method name="&lt;clinit&gt;" signature="()V" line-rate="1.0" branch-rate="1.0" complexity="0">
							<lines>
								<line number="44" hits="2" branch="false"/>
							</lines>
						</method>
						<method name="&lt;init&gt;" signature="()V" line-rate="1.0" branch-rate="1.0" complexity="0">
							<lines>
								<line number="53" hits="3" branch="false"/>
								<line number="54" hits="3" branch="false"/>
								<line number="55" hits="3" branch="false"/>
								<line number="77" hits="17" branch="false"/>
								<line number="78" hits="3" branch="false"/>
								<line number="79" hits="3" branch="false"/>
							</lines>
						</method>
						<method name="&lt;init&gt;" signature="(Ljava/lang/String;)V" line-rate="0.8461538461538461" branch-rate="1.0" complexity="0">
							<lines>
								<line number="45" hits="17" branch="false"/>
								<line number="72" hits="15" branch="false"/>
								<line number="73" hits="15" branch="false"/>
								<line number="75" hits="15" branch="false"/>
								<line number="76" hits="15" branch="false"/>
								<line number="96" hits="14" branch="false"/>
								<line number="97" hits="16" branch="false"/>
								<line number="99" hits="14" branch="false"/>
								<line number="101" hits="14" branch="false"/>
								<line number="102" hits="0" branch="false"/>
								<line number="103" hits="0" branch="false"/>
								<line number="104" hits="14" branch="false"/>
								<line number="105" hits="14" branch="false"/>
							</lines>
						</method>
						<method name="&lt;init&gt;" signature="(Ljava/util/Map;)V" line-rate="0.5" branch-rate="1.0" complexity="0">
							<lines>
								<line number="64" hits="0" branch="false"/>
								<line number="86" hits="0" branch="false"/>
								<line number="87" hits="2" branch="true" condition-coverage="100% (2/2)">
									<conditions>
										<condition number="0" type="jump" coverage="100%"/>
									</conditions>
								</line>
								<line number="88" hits="16" branch="false"/>
							</lines>
						</method>
						<method name="deepCopy" signature="()Lgov/usgs/volcanoes/core/configfile/ConfigFile;" line-rate="1.0" branch-rate="0.35714285714285715" complexity="0">
							<lines>
								<line number="85" hits="2" branch="false"/>
								<line number="89" hits="16" branch="false"/>
								<line number="91" hits="16" branch="true" condition-coverage="50% (1/2)">
									<conditions>
										<condition number="0" type="jump" coverage="50%"/>
									</conditions>
								</line>
								<line number="92" hits="16" branch="false"/>
								<line number="93" hits="16" branch="false"/>
								<line number="95" hits="16" branch="false"/>
								<line number="113" hits="2" branch="true" condition-coverage="0% (0/4)">
									<conditions>
										<condition number="0" type="jump" coverage="0%"/>
										<condition number="1" type="jump" coverage="0%"/>
									</conditions>
								</line>
								<line number="115" hits="2" branch="true" condition-coverage="100% (2/2)">
									<conditions>
										<condition number="0" type="jump" coverage="100%"/>
									</conditions>
								</line>
								<line number="116" hits="16" branch="false"/>
								<line number="117" hits="16" branch="false"/>
								<line number="119" hits="17" branch="true" condition-coverage="50% (2/4)">
									<conditions>
										<condition number="0" type="jump" coverage="100%"/>
										<condition number="1" type="jump" coverage="0%"/>
									</conditions>
								</line>
								<line number="120" hits="16" branch="true" condition-coverage="0% (0/2)">
									<conditions>
										<condition number="0" type="jump" coverage="0%"/>
									</conditions>
								</line>
								<line number="121" hits="17" branch="false"/>
								<line number="123" hits="17" branch="false"/>
								<line number="125" hits="2" branch="false"/>
							</lines>
						</method>
						<method name="findConfig" signature="(Ljava/util/List;)Ljava/lang/String;" line-rate="1.0" branch-rate="0.8333333333333334" complexity="0">
							<lines>
								<line number="56" hits="1" branch="false"/>
								<line number="59" hits="1" branch="false"/>
								<line number="60" hits="3" branch="true" condition-coverage="75% (3/4)">
									<conditions>
										<condition number="0" type="jump" coverage="100%"/>
										<condition number="1" type="jump" coverage="50%"/>
									</conditions>
								</line>
								<line number="61" hits="2" branch="false"/>
								<line number="62" hits="2" branch="true" condition-coverage="100% (2/2)">
									<conditions>
										<condition number="0" type="jump" coverage="100%"/>
									</conditions>
								</line>
								<line number="63" hits="1" branch="false"/>
								<line number="67" hits="1" branch="false"/>
							</lines>
						</method>
						<method name="getBoolean" signature="(Ljava/lang/String;)Z" line-rate="0.6666666666666666" branch-rate="0.16666666666666666" complexity="0">
							<lines>
								<line number="108" hits="1" branch="false"/>
								<line number="109" hits="1" branch="true" condition-coverage="50% (1/2)">
									<conditions>
										<condition number="0" type="jump" coverage="50%"/>
									</conditions>
								</line>
								<line number="110" hits="0" branch="false"/>
								<line number="112" hits="1" branch="true" condition-coverage="25% (1/4)">
									<conditions>
										<condition number="0" type="jump" coverage="50%"/>
										<condition number="1" type="jump" coverage="0%"/>
									</conditions>
								</line>
								<line number="114" hits="0" branch="true" condition-coverage="0% (0/4)">
									<conditions>
										<condition number="0" type="jump" coverage="0%"/>
										<condition number="1" type="jump" coverage="0%"/>
									</conditions>
								</line>
								<line number="118" hits="1" branch="false"/>
								<line number="145" hits="1" branch="false"/>
								<line number="146" hits="1" branch="true" condition-coverage="50% (1/2)">
									<conditions>
										<condition number="0" type="jump" coverage="50%"/>
									</conditions>
								</line>
								<line number="147" hits="0" branch="false"/>
								<line number="149" hits="1" branch="true" condition-coverage="25% (1/4)">
									<conditions>
										<condition number="0" type="jump" coverage="50%"/>
										<condition number="1" type="jump" coverage="0%"/>
									</conditions>
								</line>
								<line number="150" hits="0" branch="true" condition-coverage="0% (0/4)">
									<conditions>
										<condition number="0" type="jump" coverage="0%"/>
										<condition number="1" type="jump" coverage="0%"/>
									</conditions>
								</line>
								<line number="151" hits="0" branch="true" condition-coverage="0% (0/4)">
									<conditions>
										<condition number="0" type="jump" coverage="0%"/>
										<condition number="1" type="jump" coverage="0%"/>
									</conditions>
								</line>
								<line number="152" hits="3" branch="false"/>
								<line number="155" hits="1" branch="false"/>
								<line number="156" hits="1" branch="true" condition-coverage="25% (1/4)">
									<conditions>
										<condition number="0" type="jump" coverage="50%"/>
										<condition number="1" type="jump" coverage="0%"/>
									</conditions>
								</line>
								<line number="157" hits="0" branch="true" condition-coverage="0% (0/2)">
									<conditions>
										<condition number="0" type="jump" coverage="0%"/>
									</conditions>
								</line>
								<line number="158" hits="1" branch="false"/>
								<line number="160" hits="1" branch="false"/>
							</lines>
						</method>
						<method name="getBoolean" signature="(Ljava/lang/String;Z)Z" line-rate="0.0" branch-rate="1.0" complexity="0">
							<lines>
								<line number="137" hits="0" branch="false"/>
								<line number="138" hits="0" branch="false"/>
								<line number="139" hits="0" branch="false"/>
								<line number="140" hits="0" branch="false"/>
								<line number="141" hits="0" branch="false"/>
								<line number="143" hits="0" branch="false"/>
								<line number="174" hits="0" branch="false"/>
								<line number="175" hits="0" branch="false"/>
								<line number="176" hits="0" branch="false"/>
								<line number="177" hits="0" branch="false"/>
								<line number="178" hits="0" branch="false"/>
								<line number="180" hits="0" branch="false"/>
							</lines>
						</method>
						<method name="getConfig" signature="()Ljava/util/Map;" line-rate="1.0" branch-rate="1.0" complexity="0">
							<lines>
								<line number="189" hits="3" branch="false"/>
							</lines>
						</method>
						<method name="getDouble" signature="(Ljava/lang/String;)D" line-rate="1.0" branch-rate="1.0" complexity="0">
							<lines>
								<line number="163" hits="2" branch="false"/>
								<line number="164" hits="2" branch="true" condition-coverage="100% (2/2)">
									<conditions>
										<condition number="0" type="jump" coverage="100%"/>
									</conditions>
								</line>
								<line number="165" hits="1" branch="false"/>
								<line number="168" hits="1" branch="false"/>
								<line number="170" hits="1" branch="false"/>
								<line number="200" hits="2" branch="false"/>
								<line number="201" hits="5" branch="true" condition-coverage="100% (2/2)">
									<conditions>
										<condition number="0" type="jump" coverage="100%"/>
									</conditions>
								</line>
								<line number="202" hits="4" branch="true" condition-coverage="100% (2/2)">
									<conditions>
										<condition number="0" type="jump" coverage="100%"/>
									</conditions>
								</line>
								<line number="205" hits="1" branch="false"/>
								<line number="207" hits="1" branch="false"/>
							</lines>
						</method>
						<method name="getDouble" signature="(Ljava/lang/String;D)D" line-rate="0.9166666666666666" branch-rate="1.0" complexity="0">
							<lines>
								<line number="184" hits="1" branch="false"/>
								<line number="185" hits="1" branch="false"/>
								<line number="186" hits="1" branch="false"/>
								<line number="187" hits="1" branch="false"/>
								<line number="188" hits="0" branch="false"/>
								<line number="190" hits="1" branch="false"/>
								<line number="221" hits="1" branch="false"/>
								<line number="222" hits="2" branch="false"/>
								<line number="223" hits="2" branch="false"/>
								<line number="224" hits="2" branch="false"/>
								<line number="225" hits="1" branch="false"/>
								<line number="227" hits="1" branch="false"/>
							</lines>
						</method>
						<method name="getInt" signature="(Ljava/lang/String;)I" line-rate="1.0" branch-rate="1.0" complexity="0">
							<lines>
								<line number="203" hits="1" branch="false"/>
								<line number="206" hits="2" branch="false"/>
								<line number="208" hits="1" branch="false"/>
								<line number="238" hits="3" branch="false"/>
								<line number="239" hits="3" branch="true" condition-coverage="100% (2/2)">
									<conditions>
										<condition number="0" type="jump" coverage="100%"/>
									</conditions>
								</line>
								<line number="240" hits="1" branch="false"/>
								<line number="243" hits="2" branch="false"/>
								<line number="245" hits="1" branch="false"/>
							</lines>
						</method>
						<method name="getInt" signature="(Ljava/lang/String;I)I" line-rate="0.75" branch-rate="1.0" complexity="0">
							<lines>
								<line number="226" hits="0" branch="false"/>
								<line number="228" hits="1" branch="false"/>
								<line number="259" hits="1" branch="false"/>
								<line number="260" hits="1" branch="false"/>
								<line number="261" hits="1" branch="false"/>
								<line number="262" hits="1" branch="false"/>
								<line number="263" hits="0" branch="false"/>
								<line number="265" hits="1" branch="false"/>
							</lines>
						</method>
						<method name="getList" signature="(Ljava/lang/String;)Ljava/util/List;" line-rate="0.0" branch-rate="1.0" complexity="0">
							<lines>
								<line number="250" hits="0" branch="false"/>
								<line number="275" hits="0" branch="false"/>
							</lines>
						</method>
						<method name="getName" signature="()Ljava/lang/String;" line-rate="1.0" branch-rate="1.0" complexity="0">
							<lines>
								<line number="284" hits="11" branch="false"/>
							</lines>
						</method>
						<method name="getObject" signature="(Ljava/lang/String;Lgov/usgs/volcanoes/core/configfile/Parser;)Ljava/lang/Object;" line-rate="0.0" branch-rate="1.0" complexity="0">
							<lines>
								<line number="296" hits="0" branch="false"/>
							</lines>
						</method>
						<method name="getOrCreateList" signature="(Ljava/lang/String;)Ljava/util/List;" line-rate="1.0" branch-rate="0.5" complexity="0">
							<lines>
								<line number="269" hits="115" branch="false"/>
								<line number="270" hits="115" branch="true" condition-coverage="50% (1/2)">
									<conditions>
										<condition number="0" type="jump" coverage="50%"/>
									</conditions>
								</line>
								<line number="271" hits="115" branch="false"/>
								<line number="272" hits="115" branch="false"/>
								<line number="274" hits="115" branch="false"/>
								<line number="306" hits="110" branch="false"/>
								<line number="307" hits="111" branch="true" condition-coverage="50% (1/2)">
									<conditions>
										<condition number="0" type="jump" coverage="50%"/>
									</conditions>
								</line>
								<line number="308" hits="110" branch="false"/>
								<line number="309" hits="110" branch="false"/>
								<line number="311" hits="110" branch="false"/>
							</lines>
						</method>
						<method name="getString" signature="(Ljava/lang/String;)Ljava/lang/String;" line-rate="1.0" branch-rate="0.75" complexity="0">
							<lines>
								<line number="285" hits="11" branch="true" condition-coverage="75% (3/4)">
									<conditions>
										<condition number="0" type="jump" coverage="100%"/>
										<condition number="1" type="jump" coverage="50%"/>
									</conditions>
								</line>
								<line number="286" hits="3" branch="false"/>
								<line number="288" hits="8" branch="false"/>
								<line number="321" hits="15" branch="false"/>
								<line number="322" hits="15" branch="true" condition-coverage="75% (3/4)">
									<conditions>
										<condition number="0" type="jump" coverage="100%"/>
										<condition number="1" type="jump" coverage="50%"/>
									</conditions>
								</line>
								<line number="323" hits="4" branch="false"/>
								<line number="325" hits="11" branch="false"/>
							</lines>
						</method>
						<method name="getString" signature="(Ljava/lang/String;Ljava/lang/String;)Ljava/lang/String;" line-rate="1.0" branch-rate="0.75" complexity="0">
							<lines>
								<line number="301" hits="1" branch="false"/>
								<line number="302" hits="1" branch="true" condition-coverage="50% (1/2)">
									<conditions>
										<condition number="0" type="jump" coverage="50%"/>
									</conditions>
								</line>
								<line number="303" hits="1" branch="false"/>
								<line number="304" hits="1" branch="false"/>
								<line number="338" hits="1" branch="false"/>
								<line number="339" hits="4" branch="true" condition-coverage="100% (2/2)">
									<conditions>
										<condition number="0" type="jump" coverage="100%"/>
									</conditions>
								</line>
								<line number="340" hits="25" branch="false"/>
								<line number="341" hits="25" branch="false"/>
								<line number="344" hits="4" branch="false"/>
							</lines>
						</method>
						<method name="getSubConfig" signature="(Ljava/lang/String;)Lgov/usgs/volcanoes/core/configfile/ConfigFile;" line-rate="1.0" branch-rate="1.0" complexity="0">
							<lines>
								<line number="317" hits="1" branch="false"/>
								<line number="354" hits="1" branch="false"/>
							</lines>
						</method>
						<method name="getSubConfig" signature="(Ljava/lang/String;Z)Lgov/usgs/volcanoes/core/configfile/ConfigFile;" line-rate="1.0" branch-rate="0.7777777777777778" complexity="0">
							<lines>
								<line number="330" hits="3" branch="true" condition-coverage="100% (2/2)">
									<conditions>
										<condition number="0" type="jump" coverage="100%"/>
									</conditions>
								</line>
								<line number="331" hits="2" branch="false"/>
								<line number="333" hits="1" branch="false"/>
								<line number="336" hits="3" branch="false"/>
								<line number="337" hits="3" branch="false"/>
								<line number="342" hits="24" branch="true" condition-coverage="100% (4/4)">
									<conditions>
										<condition number="0" type="jump" coverage="100%"/>
										<condition number="1" type="jump" coverage="100%"/>
									</conditions>
								</line>
								<line number="343" hits="3" branch="false"/>
								<line number="345" hits="3" branch="false"/>
								<line number="347" hits="24" branch="false"/>
								<line number="349" hits="3" branch="false"/>
								<line number="367" hits="3" branch="true" condition-coverage="100% (2/2)">
									<conditions>
										<condition number="0" type="jump" coverage="100%"/>
									</conditions>
								</line>
								<line number="368" hits="2" branch="false"/>
								<line number="370" hits="1" branch="true" condition-coverage="0% (0/2)">
									<conditions>
										<condition number="0" type="jump" coverage="0%"/>
									</conditions>
								</line>
								<line number="373" hits="3" branch="false"/>
								<line number="374" hits="3" branch="false"/>
								<line number="376" hits="3" branch="true" condition-coverage="100% (2/2)">
									<conditions>
										<condition number="0" type="jump" coverage="100%"/>
									</conditions>
								</line>
								<line number="377" hits="24" branch="false"/>
								<line number="378" hits="24" branch="false"/>
								<line number="379" hits="24" branch="true" condition-coverage="100% (4/4)">
									<conditions>
										<condition number="0" type="jump" coverage="100%"/>
										<condition number="1" type="jump" coverage="100%"/>
									</conditions>
								</line>
								<line number="380" hits="3" branch="false"/>
								<line number="381" hits="3" branch="false"/>
								<line number="382" hits="3" branch="false"/>
								<line number="384" hits="24" branch="false"/>
								<line number="386" hits="3" branch="true" condition-coverage="0% (0/2)">
									<conditions>
										<condition number="0" type="jump" coverage="0%"/>
									</conditions>
								</line>
							</lines>
						</method>
						<method name="put" signature="(Ljava/lang/String;Ljava/lang/String;)V" line-rate="1.0" branch-rate="1.0" complexity="0">
							<lines>
								<line number="359" hits="3" branch="false"/>
								<line number="360" hits="3" branch="false"/>
								<line number="396" hits="3" branch="false"/>
								<line number="397" hits="3" branch="false"/>
							</lines>
						</method>
						<method name="put" signature="(Ljava/lang/String;Ljava/lang/String;Z)V" line-rate="0.0" branch-rate="0.0" complexity="0">
							<lines>
								<line number="371" hits="0" branch="false"/>
								<line number="375" hits="0" branch="false"/>
								<line number="407" hits="0" branch="true" condition-coverage="0% (0/2)">
									<conditions>
										<condition number="0" type="jump" coverage="0%"/>
									</conditions>
								</line>
								<line number="408" hits="0" branch="false"/>
								<line number="411" hits="0" branch="false"/>
								<line number="412" hits="0" branch="false"/>
							</lines>
						</method>
						<method name="putConfig" signature="(Lgov/usgs/volcanoes/core/configfile/ConfigFile;Z)V" line-rate="0.2" branch-rate="0.25" complexity="0">
							<lines>
								<line number="387" hits="0" branch="false"/>
								<line number="388" hits="0" branch="false"/>
								<line number="390" hits="0" branch="true" condition-coverage="0% (0/2)">
									<conditions>
										<condition number="0" type="jump" coverage="0%"/>
									</conditions>
								</line>
								<line number="391" hits="0" branch="false"/>
								<line number="394" hits="0" branch="false"/>
								<line number="395" hits="0" branch="false"/>
								<line number="421" hits="0" branch="false"/>
								<line number="423" hits="0" branch="true" condition-coverage="0% (0/2)">
									<conditions>
										<condition number="0" type="jump" coverage="0%"/>
									</conditions>
								</line>
								<line number="424" hits="0" branch="false"/>
								<line number="425" hits="0" branch="false"/>
								<line number="427" hits="0" branch="true" condition-coverage="0% (0/2)">
									<conditions>
										<condition number="0" type="jump" coverage="0%"/>
									</conditions>
								</line>
								<line number="428" hits="15" branch="false"/>
								<line number="431" hits="294" branch="true" condition-coverage="100% (2/2)">
									<conditions>
										<condition number="0" type="jump" coverage="100%"/>
									</conditions>
								</line>
								<line number="432" hits="280" branch="false"/>
								<line number="433" hits="0" branch="false"/>
							</lines>
						</method>
						<method name="putList" signature="(Ljava/lang/String;Ljava/util/List;)V" line-rate="1.0" branch-rate="0.75" complexity="0">
							<lines>
								<line number="405" hits="16" branch="false"/>
								<line number="406" hits="16" branch="false"/>
								<line number="442" hits="72" branch="false"/>
								<line number="443" hits="72" branch="true" condition-coverage="75% (3/4)">
									<conditions>
										<condition number="0" type="jump" coverage="50%"/>
										<condition number="1" type="jump" coverage="100%"/>
									</conditions>
								</line>
							</lines>
						</method>
						<method name="readConfigFile" signature="(Ljava/io/File;)V" line-rate="0.25" branch-rate="0.5" complexity="0">
							<lines>
								<line number="415" hits="0" branch="false"/>
								<line number="416" hits="0" branch="false"/>
								<line number="452" hits="0" branch="false"/>
								<line number="453" hits="112" branch="true" condition-coverage="50% (1/2)">
									<conditions>
										<condition number="0" type="jump" coverage="50%"/>
									</conditions>
								</line>
							</lines>
						</method>
						<method name="readConfigFile" signature="(Ljava/io/File;Z)V" line-rate="0.7543859649122807" branch-rate="0.8125" complexity="0">
							<lines>
								<line number="429" hits="14" branch="false"/>
								<line number="434" hits="280" branch="true" condition-coverage="83% (5/6)">
									<conditions>
										<condition number="0" type="jump" coverage="100%"/>
										<condition number="1" type="jump" coverage="100%"/>
										<condition number="2" type="jump" coverage="50%"/>
									</conditions>
								</line>
								<line number="435" hits="112" branch="false"/>
								<line number="436" hits="112" branch="false"/>
								<line number="438" hits="112" branch="true" condition-coverage="100% (2/2)">
									<conditions>
										<condition number="0" type="jump" coverage="100%"/>
									</conditions>
								</line>
								<line number="439" hits="14" branch="false"/>
								<line number="440" hits="14" branch="false"/>
								<line number="441" hits="70" branch="true" condition-coverage="100% (2/2)">
									<conditions>
										<condition number="0" type="jump" coverage="100%"/>
									</conditions>
								</line>
								<line number="444" hits="14" branch="false"/>
								<line number="446" hits="42" branch="false"/>
								<line number="447" hits="42" branch="false"/>
								<line number="449" hits="56" branch="false"/>
								<line number="450" hits="14" branch="false"/>
								<line number="454" hits="0" branch="false"/>
								<line number="457" hits="112" branch="false"/>
								<line number="458" hits="112" branch="false"/>
								<line number="461" hits="280" branch="true" condition-coverage="50% (1/2)">
									<conditions>
										<condition number="0" type="jump" coverage="50%"/>
									</conditions>
								</line>
								<line number="463" hits="0" branch="false"/>
								<line number="464" hits="0" branch="false"/>
								<line number="465" hits="14" branch="false"/>
								<line number="466" hits="0" branch="false"/>
								<line number="467" hits="14" branch="false"/>
								<line number="468" hits="14" branch="false"/>
								<line number="469" hits="278" branch="true" condition-coverage="100% (2/2)">
									<conditions>
										<condition number="0" type="jump" coverage="100%"/>
									</conditions>
								</line>
								<line number="470" hits="264" branch="false"/>
								<line number="471" hits="0" branch="false"/>
								<line number="472" hits="263" branch="true" condition-coverage="83% (5/6)">
									<conditions>
										<condition number="0" type="jump" coverage="100%"/>
										<condition number="1" type="jump" coverage="100%"/>
										<condition number="2" type="jump" coverage="50%"/>
									</conditions>
								</line>
								<line number="473" hits="121" branch="false"/>
								<line number="474" hits="121" branch="false"/>
								<line number="476" hits="107" branch="true" condition-coverage="100% (2/2)">
									<conditions>
										<condition number="0" type="jump" coverage="100%"/>
									</conditions>
								</line>
								<line number="477" hits="13" branch="false"/>
								<line number="478" hits="13" branch="false"/>
								<line number="479" hits="65" branch="true" condition-coverage="100% (2/2)">
									<conditions>
										<condition number="0" type="jump" coverage="100%"/>
									</conditions>
								</line>
								<line number="480" hits="52" branch="false"/>
								<line number="481" hits="52" branch="true" condition-coverage="75% (3/4)">
									<conditions>
										<condition number="0" type="jump" coverage="50%"/>
										<condition number="1" type="jump" coverage="100%"/>
									</conditions>
								</line>
								<line number="482" hits="13" branch="false"/>
								<line number="484" hits="53" branch="false"/>
								<line number="485" hits="39" branch="false"/>
								<line number="487" hits="52" branch="false"/>
								<line number="488" hits="13" branch="false"/>
								<line number="491" hits="107" branch="true" condition-coverage="50% (1/2)">
									<conditions>
										<condition number="0" type="jump" coverage="50%"/>
									</conditions>
								</line>
								<line number="492" hits="0" branch="false"/>
								<line number="495" hits="121" branch="false"/>
								<line number="496" hits="107" branch="false"/>
								<line number="499" hits="263" branch="true" condition-coverage="50% (1/2)">
									<conditions>
										<condition number="0" type="jump" coverage="50%"/>
									</conditions>
								</line>
								<line number="501" hits="0" branch="false"/>
								<line number="502" hits="0" branch="false"/>
								<line number="503" hits="0" branch="false"/>
								<line number="504" hits="0" branch="false"/>
								<line number="506" hits="14" branch="false"/>
								<line number="507" hits="14" branch="false"/>
								<line number="508" hits="0" branch="false"/>
								<line number="509" hits="0" branch="false"/>
								<line number="510" hits="0" branch="false"/>
								<line number="511" hits="0" branch="false"/>
								<line number="512" hits="14" branch="false"/>
								<line number="513" hits="14" branch="false"/>
							</lines>
						</method>
						<method name="readConfigFile" signature="(Ljava/lang/String;)V" line-rate="1.0" branch-rate="1.0" complexity="0">
							<lines>
								<line number="483" hits="15" branch="false"/>
								<line number="522" hits="14" branch="false"/>
								<line number="523" hits="14" branch="false"/>
							</lines>
						</method>
						<method name="readConfigFile" signature="(Ljava/lang/String;Z)V" line-rate="1.0" branch-rate="1.0" complexity="0">
							<lines>
								<line number="494" hits="15" branch="false"/>
								<line number="533" hits="16" branch="false"/>
								<line number="534" hits="14" branch="false"/>
							</lines>
						</method>
						<method name="remove" signature="(Ljava/lang/String;)V" line-rate="0.0" branch-rate="1.0" complexity="0">
							<lines>
								<line number="542" hits="0" branch="false"/>
								<line number="543" hits="0" branch="false"/>
							</lines>
						</method>
						<method name="remove" signature="(Ljava/lang/String;Ljava/lang/String;)V" line-rate="0.16666666666666666" branch-rate="0.0" complexity="0">
							<lines>
								<line number="514" hits="0" branch="true" condition-coverage="0% (0/2)">
									<conditions>
										<condition number="0" type="jump" coverage="0%"/>
									</conditions>
								</line>
								<line number="515" hits="0" branch="false"/>
								<line number="517" hits="0" branch="false"/>
								<line number="518" hits="0" branch="true" condition-coverage="0% (0/2)">
									<conditions>
										<condition number="0" type="jump" coverage="0%"/>
									</conditions>
								</line>
								<line number="519" hits="0" branch="false"/>
								<line number="552" hits="0" branch="true" condition-coverage="0% (0/2)">
									<conditions>
										<condition number="0" type="jump" coverage="0%"/>
									</conditions>
								</line>
								<line number="553" hits="0" branch="true" condition-coverage="0% (0/2)">
									<conditions>
										<condition number="0" type="jump" coverage="0%"/>
									</conditions>
								</line>
								<line number="554" hits="0" branch="false"/>
								<line number="556" hits="8" branch="false"/>
								<line number="557" hits="0" branch="true" condition-coverage="0% (0/2)">
									<conditions>
										<condition number="0" type="jump" coverage="0%"/>
									</conditions>
								</line>
								<line number="558" hits="1" branch="false"/>
								<line number="561" hits="0" branch="false"/>
							</lines>
						</method>
						<method name="setName" signature="(Ljava/lang/String;)V" line-rate="1.0" branch-rate="1.0" complexity="0">
							<lines>
								<line number="530" hits="16" branch="true" condition-coverage="100% (2/2)">
									<conditions>
										<condition number="0" type="jump" coverage="100%"/>
									</conditions>
								</line>
								<line number="531" hits="14" branch="false"/>
								<line number="535" hits="16" branch="false"/>
								<line number="569" hits="16" branch="true" condition-coverage="100% (2/2)">
									<conditions>
										<condition number="0" type="jump" coverage="100%"/>
									</conditions>
								</line>
								<line number="570" hits="15" branch="false"/>
								<line number="572" hits="10" branch="true" condition-coverage="100% (2/2)">
									<conditions>
										<condition number="0" type="jump" coverage="100%"/>
									</conditions>
								</line>
								<line number="574" hits="15" branch="false"/>
							</lines>
						</method>
						<method name="toString" signature="()Ljava/lang/String;" line-rate="0.8421052631578947" branch-rate="0.5833333333333334" complexity="0">
							<lines>
								<line number="544" hits="1" branch="false"/>
								<line number="545" hits="1" branch="true" condition-coverage="100% (2/2)">
									<conditions>
										<condition number="0" type="jump" coverage="100%"/>
									</conditions>
								</line>
								<line number="546" hits="8" branch="false"/>
								<line number="547" hits="8" branch="false"/>
								<line number="548" hits="8" branch="true" condition-coverage="50% (1/2)">
									<conditions>
										<condition number="0" type="jump" coverage="50%"/>
									</conditions>
								</line>
								<line number="549" hits="8" branch="false"/>
								<line number="551" hits="0" branch="false"/>
								<line number="583" hits="1" branch="false"/>
								<line number="584" hits="2" branch="true" condition-coverage="100% (2/2)">
									<conditions>
										<condition number="0" type="jump" coverage="100%"/>
									</conditions>
								</line>
								<line number="585" hits="9" branch="false"/>
								<line number="586" hits="8" branch="false"/>
								<line number="587" hits="9" branch="true" condition-coverage="50% (1/2)">
									<conditions>
										<condition number="0" type="jump" coverage="50%"/>
									</conditions>
								</line>
								<line number="588" hits="9" branch="false"/>
								<line number="590" hits="0" branch="false"/>
								<line number="591" hits="0" branch="true" condition-coverage="0% (0/2)">
									<conditions>
										<condition number="0" type="jump" coverage="0%"/>
									</conditions>
								</line>
								<line number="592" hits="1" branch="true" condition-coverage="50% (1/2)">
									<conditions>
										<condition number="0" type="jump" coverage="50%"/>
									</conditions>
								</line>
								<line number="593" hits="1" branch="false"/>
								<line number="595" hits="8" branch="false"/>
								<line number="597" hits="2" branch="false"/>
							</lines>
						</method>
						<method name="wasSuccessfullyRead" signature="()Z" line-rate="1.0" branch-rate="1.0" complexity="0">
							<lines>
								<line number="134" hits="1" branch="false"/>
							</lines>
						</method>
						<method name="writeToFile" signature="(Ljava/lang/String;)V" line-rate="0.9259259259259259" branch-rate="0.8888888888888888" complexity="0">
							<lines>
								<line number="568" hits="1" branch="false"/>
								<line number="571" hits="1" branch="false"/>
								<line number="573" hits="8" branch="false"/>
								<line number="576" hits="1" branch="false"/>
								<line number="577" hits="9" branch="true" condition-coverage="100% (2/2)">
									<conditions>
										<condition number="0" type="jump" coverage="100%"/>
									</conditions>
								</line>
								<line number="578" hits="8" branch="false"/>
								<line number="581" hits="1" branch="false"/>
								<line number="589" hits="1" branch="false"/>
								<line number="594" hits="1" branch="false"/>
								<line number="598" hits="1" branch="false"/>
								<line number="599" hits="1" branch="false"/>
								<line number="600" hits="1" branch="false"/>
								<line number="602" hits="9" branch="true" condition-coverage="100% (2/2)">
									<conditions>
										<condition number="0" type="jump" coverage="100%"/>
									</conditions>
								</line>
								<line number="603" hits="8" branch="false"/>
								<line number="604" hits="8" branch="false"/>
								<line number="606" hits="8" branch="false"/>
								<line number="607" hits="8" branch="false"/>
								<line number="608" hits="17" branch="true" condition-coverage="100% (2/2)">
									<conditions>
										<condition number="0" type="jump" coverage="100%"/>
									</conditions>
								</line>
								<line number="609" hits="9" branch="false"/>
								<line number="610" hits="1" branch="false"/>
								<line number="611" hits="9" branch="false"/>
								<line number="612" hits="9" branch="true" condition-coverage="100% (2/2)">
									<conditions>
										<condition number="0" type="jump" coverage="100%"/>
									</conditions>
								</line>
								<line number="613" hits="9" branch="false"/>
								<line number="614" hits="0" branch="false"/>
								<line number="615" hits="0" branch="false"/>
								<line number="616" hits="2" branch="false"/>
								<line number="617" hits="10" branch="true" condition-coverage="100% (2/2)">
									<conditions>
										<condition number="0" type="jump" coverage="100%"/>
									</conditions>
								</line>
								<line number="618" hits="8" branch="false"/>
								<line number="621" hits="1" branch="false"/>
								<line number="624" hits="1" branch="false"/>
[...]
								<condition number="0" type="jump" coverage="0%"/>
							</conditions>
						</line>
						<line number="120" hits="0" branch="false"/>
						<line number="123" hits="8" branch="false"/>
						<line number="130" hits="8" branch="false"/>
						<line number="134" hits="8" branch="false"/>
						<line number="138" hits="8" branch="false"/>
						<line number="139" hits="8" branch="false"/>
					</lines>
				</class>
				<class name="gov.usgs.volcanoes.core.util.Retriable" filename="gov/usgs/volcanoes/core/util/Retriable.java" line-rate="0.75" branch-rate="0.5" complexity="1.4166666666666667">
					<methods>
						<method name="&lt;clinit&gt;" signature="()V" line-rate="1.0" branch-rate="1.0" complexity="0">
							<lines>
								<line number="19" hits="1" branch="false"/>
								<line number="22" hits="1" branch="false"/>
								<line number="24" hits="1" branch="false"/>
							</lines>
						</method>
						<method name="&lt;init&gt;" signature="()V" line-rate="1.0" branch-rate="1.0" complexity="0">
							<lines>
								<line number="54" hits="1" branch="false"/>
								<line number="55" hits="1" branch="false"/>
								<line number="56" hits="1" branch="false"/>
								<line number="57" hits="1" branch="false"/>
								<line number="58" hits="1" branch="false"/>
							</lines>
						</method>
						<method name="&lt;init&gt;" signature="(I)V" line-rate="1.0" branch-rate="1.0" complexity="0">
							<lines>
								<line number="66" hits="1" branch="false"/>
								<line number="67" hits="1" branch="false"/>
								<line number="68" hits="1" branch="false"/>
							</lines>
						</method>
						<method name="&lt;init&gt;" signature="(Ljava/lang/String;I)V" line-rate="1.0" branch-rate="1.0" complexity="0">
							<lines>
								<line number="77" hits="1" branch="false"/>
								<line number="78" hits="1" branch="false"/>
								<line number="79" hits="1" branch="false"/>
								<line number="80" hits="1" branch="false"/>
							</lines>
						</method>
						<method name="attemptFix" signature="()V" line-rate="0.0" branch-rate="1.0" complexity="0">
							<lines>
								<line number="97" hits="0" branch="false"/>
							</lines>
						</method>
						<method name="getMaxAttempts" signature="()I" line-rate="1.0" branch-rate="1.0" complexity="0">
							<lines>
								<line number="105" hits="1" branch="false"/>
							</lines>
						</method>
						<method name="getName" signature="()Ljava/lang/String;" line-rate="0.0" branch-rate="1.0" complexity="0">
							<lines>
								<line number="114" hits="0" branch="false"/>
							</lines>
						</method>
						<method name="getResult" signature="()Ljava/lang/Object;" line-rate="1.0" branch-rate="1.0" complexity="0">
							<lines>
								<line number="123" hits="1" branch="false"/>
							</lines>
						</method>
						<method name="giveUp" signature="()V" line-rate="0.0" branch-rate="1.0" complexity="0">
							<lines>
								<line number="131" hits="0" branch="false"/>
							</lines>
						</method>
						<method name="go" signature="()Ljava/lang/Object;" line-rate="0.6153846153846154" branch-rate="0.5" complexity="0">
							<lines>
								<line number="141" hits="1" branch="false"/>
								<line number="142" hits="1" branch="false"/>
								<line number="143" hits="2" branch="true" condition-coverage="75% (3/4)">
									<conditions>
										<condition number="0" type="jump" coverage="100%"/>
										<condition number="1" type="jump" coverage="50%"/>
									</conditions>
								</line>
								<line number="144" hits="1" branch="false"/>
								<line number="145" hits="1" branch="false"/>
								<line number="146" hits="1" branch="true" condition-coverage="50% (1/2)">
									<conditions>
										<condition number="0" type="jump" coverage="50%"/>
									</conditions>
								</line>
								<line number="147" hits="0" branch="true" condition-coverage="0% (0/2)">
									<conditions>
										<condition number="0" type="jump" coverage="0%"/>
									</conditions>
								</line>
								<line number="148" hits="0" branch="false"/>
								<line number="150" hits="0" branch="false"/>
								<line number="153" hits="1" branch="true" condition-coverage="50% (1/2)">
									<conditions>
										<condition number="0" type="jump" coverage="50%"/>
									</conditions>
								</line>
								<line number="155" hits="0" branch="false"/>
								<line number="156" hits="0" branch="false"/>
								<line number="159" hits="1" branch="false"/>
							</lines>
						</method>
						<method name="isOutput" signature="()Z" line-rate="0.0" branch-rate="1.0" complexity="0">
							<lines>
								<line number="168" hits="0" branch="false"/>
							</lines>
						</method>
						<method name="setOutput" signature="(Z)V" line-rate="1.0" branch-rate="1.0" complexity="0">
							<lines>
								<line number="177" hits="1" branch="false"/>
								<line number="178" hits="1" branch="false"/>
							</lines>
						</method>
					</methods>
					<lines>
						<line number="19" hits="1" branch="false"/>
						<line number="22" hits="1" branch="false"/>
						<line number="24" hits="1" branch="false"/>
						<line number="54" hits="1" branch="false"/>
						<line number="55" hits="1" branch="false"/>
						<line number="56" hits="1" branch="false"/>
						<line number="57" hits="1" branch="false"/>
						<line number="58" hits="1" branch="false"/>
						<line number="66" hits="1" branch="false"/>
						<line number="67" hits="1" branch="false"/>
						<line number="68" hits="1" branch="false"/>
						<line number="77" hits="1" branch="false"/>
						<line number="78" hits="1" branch="false"/>
						<line number="79" hits="1" branch="false"/>
						<line number="80" hits="1" branch="false"/>
						<line number="97" hits="0" branch="false"/>
						<line number="105" hits="1" branch="false"/>
						<line number="114" hits="0" branch="false"/>
						<line number="123" hits="1" branch="false"/>
						<line number="131" hits="0" branch="false"/>
						<line number="141" hits="1" branch="false"/>
						<line number="142" hits="1" branch="false"/>
						<line number="143" hits="2" branch="true" condition-coverage="75% (3/4)">
							<conditions>
								<condition number="0" type="jump" coverage="100%"/>
								<condition number="1" type="jump" coverage="50%"/>
							</conditions>
						</line>
						<line number="144" hits="1" branch="false"/>
						<line number="145" hits="1" branch="false"/>
						<line number="146" hits="1" branch="true" condition-coverage="50% (1/2)">
							<conditions>
								<condition number="0" type="jump" coverage="50%"/>
							</conditions>
						</line>
						<line number="147" hits="0" branch="true" condition-coverage="0% (0/2)">
							<conditions>
								<condition number="0" type="jump" coverage="0%"/>
							</conditions>
						</line>
						<line number="148" hits="0" branch="false"/>
						<line number="150" hits="0" branch="false"/>
						<line number="153" hits="1" branch="true" condition-coverage="50% (1/2)">
							<conditions>
								<condition number="0" type="jump" coverage="50%"/>
							</conditions>
						</line>
						<line number="155" hits="0" branch="false"/>
						<line number="156" hits="0" branch="false"/>
						<line number="159" hits="1" branch="false"/>
						<line number="168" hits="0" branch="false"/>
						<line number="177" hits="1" branch="false"/>
						<line number="178" hits="1" branch="false"/>
					</lines>
				</class>
				<class name="gov.usgs.volcanoes.core.util.StringUtils" filename="gov/usgs/volcanoes/core/util/StringUtils.java" line-rate="0.6" branch-rate="0.42857142857142855" complexity="3.3333333333333335">
					<methods>
						<method name="&lt;init&gt;" signature="()V" line-rate="0.0" branch-rate="1.0" complexity="0">
							<lines>
								<line number="139" hits="0" branch="false"/>
							</lines>
						</method>
						<method name="getCaseInsensitiveStringComparator" signature="()Ljava/util/Comparator;" line-rate="1.0" branch-rate="1.0" complexity="0">
							<lines>
								<line number="33" hits="3" branch="false"/>
							</lines>
						</method>
						<method name="numBytesToString" signature="(J)Ljava/lang/String;" line-rate="0.0" branch-rate="0.0" complexity="0">
							<lines>
								<line number="48" hits="0" branch="true" condition-coverage="0% (0/2)">
									<conditions>
										<condition number="0" type="jump" coverage="0%"/>
									</conditions>
								</line>
								<line number="49" hits="0" branch="false"/>
								<line number="50" hits="0" branch="true" condition-coverage="0% (0/2)">
									<conditions>
										<condition number="0" type="jump" coverage="0%"/>
									</conditions>
								</line>
								<line number="51" hits="0" branch="false"/>
								<line number="52" hits="0" branch="true" condition-coverage="0% (0/2)">
									<conditions>
										<condition number="0" type="jump" coverage="0%"/>
									</conditions>
								</line>
								<line number="53" hits="0" branch="false"/>
								<line number="54" hits="0" branch="true" condition-coverage="0% (0/2)">
									<conditions>
										<condition number="0" type="jump" coverage="0%"/>
									</conditions>
								</line>
								<line number="55" hits="0" branch="false"/>
								<line number="56" hits="0" branch="true" condition-coverage="0% (0/2)">
									<conditions>
										<condition number="0" type="jump" coverage="0%"/>
									</conditions>
								</line>
								<line number="57" hits="0" branch="false"/>
								<line number="59" hits="0" branch="false"/>
							</lines>
						</method>
						<method name="stringToBoolean" signature="(Ljava/lang/String;)Z" line-rate="1.0" branch-rate="0.875" complexity="0">
							<lines>
								<line number="71" hits="5" branch="true" condition-coverage="100% (2/2)">
									<conditions>
										<condition number="0" type="jump" coverage="100%"/>
									</conditions>
								</line>
								<line number="72" hits="2" branch="false"/>
								<line number="74" hits="3" branch="true" condition-coverage="83% (5/6)">
									<conditions>
										<condition number="0" type="jump" coverage="100%"/>
										<condition number="1" type="jump" coverage="50%"/>
										<condition number="2" type="jump" coverage="100%"/>
									</conditions>
								</line>
							</lines>
						</method>
						<method name="stringToBoolean" signature="(Ljava/lang/String;Z)Z" line-rate="1.0" branch-rate="0.375" complexity="0">
							<lines>
								<line number="85" hits="2" branch="true" condition-coverage="100% (2/2)">
									<conditions>
										<condition number="0" type="jump" coverage="100%"/>
									</conditions>
								</line>
								<line number="86" hits="1" branch="false"/>
								<line number="88" hits="1" branch="true" condition-coverage="16% (1/6)">
									<conditions>
										<condition number="0" type="jump" coverage="50%"/>
										<condition number="1" type="jump" coverage="0%"/>
										<condition number="2" type="jump" coverage="0%"/>
									</conditions>
								</line>
							</lines>
						</method>
						<method name="stringToDouble" signature="(Ljava/lang/String;D)D" line-rate="1.0" branch-rate="1.0" complexity="0">
							<lines>
								<line number="102" hits="2" branch="false"/>
								<line number="103" hits="1" branch="false"/>
								<line number="104" hits="1" branch="false"/>
								<line number="105" hits="1" branch="false"/>
								<line number="106" hits="2" branch="false"/>
							</lines>
						</method>
						<method name="stringToInt" signature="(Ljava/lang/String;I)I" line-rate="1.0" branch-rate="1.0" complexity="0">
							<lines>
								<line number="120" hits="4" branch="false"/>
								<line number="121" hits="1" branch="false"/>
								<line number="122" hits="1" branch="false"/>
								<line number="123" hits="3" branch="false"/>
								<line number="124" hits="4" branch="false"/>
							</lines>
						</method>
						<method name="stringToString" signature="(Ljava/lang/String;Ljava/lang/String;)Ljava/lang/String;" line-rate="1.0" branch-rate="1.0" complexity="0">
							<lines>
								<line number="135" hits="3" branch="true" condition-coverage="100% (2/2)">
									<conditions>
										<condition number="0" type="jump" coverage="100%"/>
									</conditions>
								</line>
							</lines>
						</method>
					</methods>
					<lines>
						<line number="33" hits="3" branch="false"/>
						<line number="48" hits="0" branch="true" condition-coverage="0% (0/2)">
							<conditions>
								<condition number="0" type="jump" coverage="0%"/>
							</conditions>
						</line>
						<line number="49" hits="0" branch="false"/>
						<line number="50" hits="0" branch="true" condition-coverage="0% (0/2)">
							<conditions>
								<condition number="0" type="jump" coverage="0%"/>
							</conditions>
						</line>
						<line number="51" hits="0" branch="false"/>
						<line number="52" hits="0" branch="true" condition-coverage="0% (0/2)">
							<conditions>
								<condition number="0" type="jump" coverage="0%"/>
							</conditions>
						</line>
						<line number="53" hits="0" branch="false"/>
						<line number="54" hits="0" branch="true" condition-coverage="0% (0/2)">
							<conditions>
								<condition number="0" type="jump" coverage="0%"/>
							</conditions>
						</line>
						<line number="55" hits="0" branch="false"/>
						<line number="56" hits="0" branch="true" condition-coverage="0% (0/2)">
							<conditions>
								<condition number="0" type="jump" coverage="0%"/>
							</conditions>
						</line>
						<line number="57" hits="0" branch="false"/>
						<line number="59" hits="0" branch="false"/>
						<line number="71" hits="5" branch="true" condition-coverage="100% (2/2)">
							<conditions>
								<condition number="0" type="jump" coverage="100%"/>
							</conditions>
						</line>
						<line number="72" hits="2" branch="false"/>
						<line number="74" hits="3" branch="true" condition-coverage="83% (5/6)">
							<conditions>
								<condition number="0" type="jump" coverage="100%"/>
								<condition number="1" type="jump" coverage="50%"/>
								<condition number="2" type="jump" coverage="100%"/>
							</conditions>
						</line>
						<line number="85" hits="2" branch="true" condition-coverage="100% (2/2)">
							<conditions>
								<condition number="0" type="jump" coverage="100%"/>
							</conditions>
						</line>
						<line number="86" hits="1" branch="false"/>
						<line number="88" hits="1" branch="true" condition-coverage="16% (1/6)">
							<conditions>
								<condition number="0" type="jump" coverage="50%"/>
								<condition number="1" type="jump" coverage="0%"/>
								<condition number="2" type="jump" coverage="0%"/>
							</conditions>
						</line>
						<line number="102" hits="2" branch="false"/>
						<line number="103" hits="1" branch="false"/>
						<line number="104" hits="1" branch="false"/>
						<line number="105" hits="1" branch="false"/>
						<line number="106" hits="2" branch="false"/>
						<line number="120" hits="4" branch="false"/>
						<line number="121" hits="1" branch="false"/>
						<line number="122" hits="1" branch="false"/>
						<line number="123" hits="3" branch="false"/>
						<line number="124" hits="4" branch="false"/>
						<line number="135" hits="3" branch="true" condition-coverage="100% (2/2)">
							<conditions>
								<condition number="0" type="jump" coverage="100%"/>
							</conditions>
						</line>
						<line number="139" hits="0" branch="false"/>
					</lines>
				</class>
				<class name="gov.usgs.volcanoes.core.util.StringUtils$1" filename="gov/usgs/volcanoes/core/util/StringUtils.java" line-rate="1.0" branch-rate="1.0" complexity="3.3333333333333335">
					<methods>
						<method name="&lt;init&gt;" signature="()V" line-rate="1.0" branch-rate="1.0" complexity="0">
							<lines>
							</lines>
						</method>
						<method name="compare" signature="(Ljava/lang/Object;Ljava/lang/Object;)I" line-rate="1.0" branch-rate="1.0" complexity="0">
							<lines>
								<line number="33" hits="6" branch="false"/>
							</lines>
						</method>
						<method name="compare" signature="(Ljava/lang/String;Ljava/lang/String;)I" line-rate="1.0" branch-rate="1.0" complexity="0">
							<lines>
								<line number="36" hits="3" branch="false"/>
							</lines>
						</method>
					</methods>
					<lines>
						<line number="33" hits="6" branch="false"/>
						<line number="36" hits="3" branch="false"/>
					</lines>
				</class>
				<class name="gov.usgs.volcanoes.core.util.UiUtils" filename="gov/usgs/volcanoes/core/util/UiUtils.java" line-rate="0.0" branch-rate="1.0" complexity="1.0">
					<methods>
						<method name="&lt;init&gt;" signature="()V" line-rate="0.0" branch-rate="1.0" complexity="0">
							<lines>
								<line number="56" hits="0" branch="false"/>
							</lines>
						</method>
						<method name="mapKeyStrokeToAction" signature="(Ljavax/swing/JComponent;Ljava/lang/String;Ljava/lang/String;Ljavax/swing/AbstractAction;)V" line-rate="0.0" branch-rate="1.0" complexity="0">
							<lines>
								<line number="29" hits="0" branch="false"/>
								<line number="31" hits="0" branch="false"/>
								<line number="32" hits="0" branch="false"/>
							</lines>
						</method>
						<method name="mapKeyStrokeToButton" signature="(Ljavax/swing/JComponent;Ljava/lang/String;Ljava/lang/String;Ljavax/swing/AbstractButton;)V" line-rate="0.0" branch-rate="1.0" complexity="0">
							<lines>
								<line number="44" hits="0" branch="false"/>
								<line number="46" hits="0" branch="false"/>
								<line number="53" hits="0" branch="false"/>
							</lines>
						</method>
					</methods>
					<lines>
						<line number="29" hits="0" branch="false"/>
						<line number="31" hits="0" branch="false"/>
						<line number="32" hits="0" branch="false"/>
						<line number="44" hits="0" branch="false"/>
						<line number="46" hits="0" branch="false"/>
						<line number="53" hits="0" branch="false"/>
						<line number="56" hits="0" branch="false"/>
					</lines>
				</class>
				<class name="gov.usgs.volcanoes.core.util.UiUtils$1" filename="gov/usgs/volcanoes/core/util/UiUtils.java" line-rate="0.0" branch-rate="1.0" complexity="1.0">
					<methods>
						<method name="&lt;init&gt;" signature="(Ljavax/swing/AbstractButton;)V" line-rate="0.0" branch-rate="1.0" complexity="0">
							<lines>
								<line number="46" hits="0" branch="false"/>
							</lines>
						</method>
						<method name="actionPerformed" signature="(Ljava/awt/event/ActionEvent;)V" line-rate="0.0" branch-rate="1.0" complexity="0">
							<lines>
								<line number="50" hits="0" branch="false"/>
								<line number="51" hits="0" branch="false"/>
							</lines>
						</method>
					</methods>
					<lines>
						<line number="46" hits="0" branch="false"/>
						<line number="50" hits="0" branch="false"/>
						<line number="51" hits="0" branch="false"/>
					</lines>
				</class>
				<class name="gov.usgs.volcanoes.core.util.UtilException" filename="gov/usgs/volcanoes/core/util/UtilException.java" line-rate="0.0" branch-rate="1.0" complexity="1.0">
					<methods>
						<method name="&lt;init&gt;" signature="(Ljava/lang/String;)V" line-rate="0.0" branch-rate="1.0" complexity="0">
							<lines>
								<line number="24" hits="0" branch="false"/>
								<line number="25" hits="0" branch="false"/>
							</lines>
						</method>
					</methods>
					<lines>
						<line number="24" hits="0" branch="false"/>
						<line number="25" hits="0" branch="false"/>
					</lines>
				</class>
				<class name="gov.usgs.volcanoes.core.util.package-info" filename="gov/usgs/volcanoes/core/util/package-info.java" line-rate="1.0" branch-rate="1.0" complexity="0.0">
					<methods>
					</methods>
					<lines>
					</lines>
				</class>
			</classes>
		</package>
	</packages>
</coverage>
